07:58:23.513295: Trying jabbed
-------------------------
|j|a|b|b|e|d|
|a|b|i|e|n|t|
|b|i|e|t|l|e|
|b|e|t|a|i|n|
|e|n|l|i|s|t|
|d|t|e|n|t|e|
-------------------------
|j|a|b|b|e|d|
|a|b|i|e|n|t|
|b|i|n|g|l|e|
|b|e|g|u|i|n|
|e|n|l|i|s|t|
|d|t|e|n|t|e|
-------------------------
|j|a|b|b|e|d|
|a|b|i|e|n|t|
|b|i|r|e|m|e|
|b|e|e|f|i|n|
|e|n|m|i|s|t|
|d|t|e|n|t|e|
-------------------------
|j|a|b|b|e|d|
|a|b|i|e|n|t|
|b|i|r|s|l|e|
|b|e|s|o|i|n|
|e|n|l|i|s|t|
|d|t|e|n|t|e|
-------------------------
|j|a|b|b|e|d|
|a|b|i|e|n|t|
|b|i|r|s|l|e|
|b|e|s|p|i|n|
|e|n|l|i|s|t|
|d|t|e|n|t|e|
-------------------------
|j|a|b|b|e|d|
|a|b|i|l|a|o|
|b|i|d|e|n|s|
|b|l|e|t|i|a|
|e|a|n|i|n|g|
|d|o|s|a|g|e|
-------------------------
|j|a|b|b|e|d|
|a|b|i|l|a|o|
|b|i|d|e|n|t|
|b|l|e|t|i|a|
|e|a|n|i|n|g|
|d|o|t|a|g|e|
-------------------------
|j|a|b|b|e|d|
|a|b|i|l|a|o|
|b|i|d|e|r|s|
|b|l|e|t|i|a|
|e|a|r|i|n|g|
|d|o|s|a|g|e|
-------------------------
|j|a|b|b|e|d|
|a|b|i|l|a|o|
|b|i|d|e|t|s|
|b|l|e|a|c|h|
|e|a|t|c|h|e|
|d|o|s|h|e|s|
-------------------------
|j|a|b|b|e|d|
|a|b|i|l|a|o|
|b|i|d|e|t|s|
|b|l|e|n|c|h|
|e|a|t|c|h|e|
|d|o|s|h|e|s|
-------------------------
|j|a|b|b|e|d|
|a|b|i|l|a|o|
|b|i|d|e|t|s|
|b|l|e|t|i|a|
|e|a|t|i|n|g|
|d|o|s|a|g|e|
-------------------------
|j|a|b|b|e|d|
|a|b|i|l|a|o|
|b|i|g|o|t|s|
|b|l|o|t|c|h|
|e|a|t|c|h|e|
|d|o|s|h|e|s|
-------------------------
|j|a|b|b|e|d|
|a|b|i|l|a|o|
|b|i|k|e|r|s|
|b|l|e|t|i|a|
|e|a|r|i|n|g|
|d|o|s|a|g|e|
-------------------------
|j|a|b|b|e|d|
|a|b|i|l|a|o|
|b|i|p|o|d|s|
|b|l|o|o|i|e|
|e|a|d|i|s|h|
|d|o|s|e|h|s|
-------------------------
|j|a|b|b|e|d|
|a|b|i|l|a|o|
|b|i|p|o|d|s|
|b|l|o|w|i|e|
|e|a|d|i|s|h|
|d|o|s|e|h|s|
-------------------------
|j|a|b|b|e|d|
|a|b|i|l|a|o|
|b|i|t|e|r|s|
|b|l|e|t|i|a|
|e|a|r|i|n|g|
|d|o|s|a|g|e|
-------------------------
|j|a|b|b|e|d|
|a|b|i|l|l|a|
|b|i|c|o|r|n|
|b|l|o|m|a|n|
|e|l|r|a|g|e|
|d|a|n|n|e|r|
-------------------------
|j|a|b|b|e|d|
|a|b|i|l|l|a|
|b|i|d|e|t|s|
|b|l|e|a|c|h|
|e|l|t|c|h|i|
|d|a|s|h|i|s|
-------------------------
|j|a|b|b|e|d|
|a|b|i|l|l|a|
|b|i|d|e|t|s|
|b|l|e|n|c|h|
|e|l|t|c|h|i|
|d|a|s|h|i|s|
-------------------------
|j|a|b|b|e|d|
|a|b|i|l|l|a|
|b|i|f|o|r|m|
|b|l|o|m|a|n|
|e|l|r|a|g|e|
|d|a|m|n|e|d|
-------------------------
|j|a|b|b|e|d|
|a|b|i|l|l|a|
|b|i|f|o|r|m|
|b|l|o|m|a|n|
|e|l|r|a|g|e|
|d|a|m|n|e|r|
-------------------------
|j|a|b|b|e|d|
|a|b|i|l|l|a|
|b|i|g|o|t|s|
|b|l|o|t|c|h|
|e|l|t|c|h|i|
|d|a|s|h|i|s|
-------------------------
|j|a|b|b|e|d|
|a|b|i|l|l|a|
|b|i|l|i|a|n|
|b|l|i|v|i|t|
|e|l|a|i|n|e|
|d|a|n|t|e|d|
-------------------------
|j|a|b|b|e|d|
|a|b|i|l|l|a|
|b|i|n|i|o|u|
|b|l|i|v|i|t|
|e|l|o|i|n|e|
|d|a|u|t|e|d|
-------------------------
|j|a|b|b|e|d|
|a|b|l|a|c|h|
|b|l|o|t|t|o|
|b|a|t|h|y|l|
|e|c|t|y|p|e|
|d|h|o|l|e|s|
-------------------------
|j|a|b|b|e|d|
|a|b|l|a|c|h|
|b|l|o|t|t|o|
|b|a|t|l|e|t|
|e|c|t|e|n|e|
|d|h|o|t|e|e|
-------------------------
|j|a|b|b|e|d|
|a|b|l|a|c|h|
|b|l|o|t|t|o|
|b|a|t|m|e|n|
|e|c|t|e|n|e|
|d|h|o|n|e|y|
-------------------------
|j|a|b|b|e|d|
|a|b|l|a|c|h|
|b|l|o|t|t|o|
|b|a|t|t|e|l|
|e|c|t|e|n|e|
|d|h|o|l|e|s|
-------------------------
|j|a|b|b|e|d|
|a|b|l|a|c|h|
|b|l|o|t|t|o|
|b|a|t|t|e|n|
|e|c|t|e|n|e|
|d|h|o|n|e|y|
-------------------------
|j|a|b|b|e|d|
|a|b|l|a|c|h|
|b|l|o|t|t|o|
|b|a|t|z|e|n|
|e|c|t|e|n|e|
|d|h|o|n|e|y|
-------------------------
|j|a|b|b|e|d|
|a|b|l|a|r|e|
|b|l|a|s|o|n|
|b|a|s|a|l|t|
|e|r|o|l|i|a|
|d|e|n|t|a|l|
-------------------------
|j|a|b|b|e|d|
|a|b|l|a|r|e|
|b|l|i|n|t|z|
|b|a|n|c|h|i|
|e|r|t|h|e|n|
|d|e|z|i|n|c|
-------------------------
|j|a|b|b|e|d|
|a|b|l|a|r|e|
|b|l|u|d|g|e|
|b|a|d|h|a|n|
|e|r|g|a|t|e|
|d|e|e|n|e|r|
-------------------------
|j|a|b|b|e|d|
|a|b|l|a|r|e|
|b|l|u|d|g|e|
|b|a|d|i|a|n|
|e|r|g|a|t|e|
|d|e|e|n|e|r|
-------------------------
|j|a|b|b|e|d|
|a|b|l|a|r|e|
|b|l|u|d|g|e|
|b|a|d|m|a|n|
|e|r|g|a|t|e|
|d|e|e|n|e|r|
-------------------------
|j|a|b|b|e|d|
|a|b|l|a|r|e|
|b|l|u|n|g|e|
|b|a|n|d|a|s|
|e|r|g|a|t|e|
|d|e|e|s|e|s|
-------------------------
|j|a|b|b|e|d|
|a|b|l|a|r|e|
|b|l|u|n|g|e|
|b|a|n|i|a|n|
|e|r|g|a|t|e|
|d|e|e|n|e|r|
-------------------------
|j|a|b|b|e|d|
|a|b|l|a|r|e|
|b|l|u|n|g|e|
|b|a|n|i|a|s|
|e|r|g|a|t|e|
|d|e|e|s|e|s|
-------------------------
|j|a|b|b|e|d|
|a|b|l|a|r|e|
|b|l|u|n|g|e|
|b|a|n|t|a|m|
|e|r|g|a|t|e|
|d|e|e|m|e|d|
-------------------------
|j|a|b|b|e|d|
|a|b|l|a|r|e|
|b|l|u|n|g|e|
|b|a|n|t|a|m|
|e|r|g|a|t|e|
|d|e|e|m|e|r|
-------------------------
|j|a|b|b|e|d|
|a|b|l|a|r|e|
|b|l|u|n|g|e|
|b|a|n|y|a|n|
|e|r|g|a|t|e|
|d|e|e|n|e|r|
-------------------------
|j|a|b|b|e|d|
|a|b|l|a|r|e|
|b|l|u|n|t|s|
|b|a|n|c|h|a|
|e|r|t|h|e|n|
|d|e|s|a|n|d|
-------------------------
|j|a|b|b|e|d|
|a|b|l|a|r|e|
|b|l|u|n|t|s|
|b|a|n|c|h|i|
|e|r|t|h|e|n|
|d|e|s|i|n|e|
-------------------------
|j|a|b|b|e|d|
|a|b|l|a|r|e|
|b|l|u|n|t|s|
|b|a|n|g|h|y|
|e|r|t|h|e|n|
|d|e|s|y|n|e|
-------------------------
|j|a|b|b|e|d|
|a|b|l|a|t|e|
|b|l|a|n|c|a|
|b|a|n|c|h|i|
|e|t|c|h|e|r|
|d|e|a|i|r|s|
-------------------------
|j|a|b|b|e|d|
|a|b|l|a|t|e|
|b|l|a|n|c|h|
|b|a|n|c|h|i|
|e|t|c|h|e|r|
|d|e|h|i|r|e|
-------------------------
|j|a|b|b|e|d|
|a|b|l|a|t|e|
|b|l|a|n|c|h|
|b|a|n|d|h|u|
|e|t|c|h|e|s|
|d|e|h|u|s|k|
-------------------------
|j|a|b|b|e|d|
|a|b|l|a|t|e|
|b|l|a|n|c|s|
|b|a|n|c|h|i|
|e|t|c|h|e|r|
|d|e|s|i|r|e|
-------------------------
|j|a|b|b|e|d|
|a|b|l|a|t|e|
|b|l|a|n|c|s|
|b|a|n|c|h|i|
|e|t|c|h|e|s|
|d|e|s|i|s|t|
-------------------------
|j|a|b|b|e|d|
|a|b|l|a|t|e|
|b|l|a|r|e|s|
|b|a|r|b|r|e|
|e|t|e|r|n|e|
|d|e|s|e|e|d|
-------------------------
|j|a|b|b|e|d|
|a|b|l|a|t|e|
|b|l|a|s|o|n|
|b|a|s|i|f|y|
|e|t|o|f|f|e|
|d|e|n|y|e|r|
-------------------------
|j|a|b|b|e|d|
|a|b|l|a|t|e|
|b|l|a|z|e|s|
|b|a|z|a|r|s|
|e|t|e|r|n|e|
|d|e|s|s|e|s|
-------------------------
|j|a|b|b|e|d|
|a|b|l|a|t|e|
|b|l|e|n|c|h|
|b|a|n|c|h|i|
|e|t|c|h|e|r|
|d|e|h|i|r|e|
-------------------------
|j|a|b|b|e|d|
|a|b|l|a|t|e|
|b|l|e|n|c|h|
|b|a|n|d|h|u|
|e|t|c|h|e|s|
|d|e|h|u|s|k|
-------------------------
|j|a|b|b|e|d|
|a|b|l|a|t|e|
|b|l|e|t|h|e|
|b|a|t|a|a|n|
|e|t|h|a|n|e|
|d|e|e|n|e|r|
-------------------------
|j|a|b|b|e|d|
|a|b|l|a|t|e|
|b|l|e|t|h|e|
|b|a|t|h|e|d|
|e|t|h|e|n|e|
|d|e|e|d|e|d|
-------------------------
|j|a|b|b|e|d|
|a|b|l|a|t|e|
|b|l|e|t|h|e|
|b|a|t|h|e|d|
|e|t|h|e|n|e|
|d|e|e|d|e|r|
-------------------------
|j|a|b|b|e|d|
|a|b|l|a|t|e|
|b|l|e|t|h|e|
|b|a|t|h|e|s|
|e|t|h|e|n|e|
|d|e|e|s|e|s|
-------------------------
|j|a|b|b|e|d|
|a|b|l|a|t|e|
|b|l|e|t|h|e|
|b|a|t|l|a|n|
|e|t|h|a|n|e|
|d|e|e|n|e|r|
-------------------------
|j|a|b|b|e|d|
|a|b|l|a|t|e|
|b|l|e|t|h|e|
|b|a|t|m|a|n|
|e|t|h|a|n|e|
|d|e|e|n|e|r|
-------------------------
|j|a|b|b|e|d|
|a|b|l|a|t|e|
|b|l|e|t|h|e|
|b|a|t|m|e|n|
|e|t|h|e|n|e|
|d|e|e|n|e|r|
-------------------------
|j|a|b|b|e|d|
|a|b|l|a|t|e|
|b|l|e|t|h|e|
|b|a|t|o|i|d|
|e|t|h|i|d|e|
|d|e|e|d|e|d|
-------------------------
|j|a|b|b|e|d|
|a|b|l|a|t|e|
|b|l|e|t|h|e|
|b|a|t|o|i|d|
|e|t|h|i|d|e|
|d|e|e|d|e|r|
-------------------------
|j|a|b|b|e|d|
|a|b|l|a|t|e|
|b|l|e|t|h|e|
|b|a|t|o|i|d|
|e|t|h|i|n|e|
|d|e|e|d|e|d|
-------------------------
|j|a|b|b|e|d|
|a|b|l|a|t|e|
|b|l|e|t|h|e|
|b|a|t|o|i|d|
|e|t|h|i|n|e|
|d|e|e|d|e|r|
-------------------------
|j|a|b|b|e|d|
|a|b|l|a|t|e|
|b|l|e|t|h|e|
|b|a|t|o|i|d|
|e|t|h|i|z|e|
|d|e|e|d|e|d|
-------------------------
|j|a|b|b|e|d|
|a|b|l|a|t|e|
|b|l|e|t|h|e|
|b|a|t|o|i|d|
|e|t|h|i|z|e|
|d|e|e|d|e|r|
-------------------------
|j|a|b|b|e|d|
|a|b|l|a|t|e|
|b|l|e|t|h|e|
|b|a|t|t|a|s|
|e|t|h|a|n|e|
|d|e|e|s|e|s|
-------------------------
|j|a|b|b|e|d|
|a|b|l|a|t|e|
|b|l|e|t|h|e|
|b|a|t|t|e|d|
|e|t|h|e|n|e|
|d|e|e|d|e|d|
-------------------------
|j|a|b|b|e|d|
|a|b|l|a|t|e|
|b|l|e|t|h|e|
|b|a|t|t|e|d|
|e|t|h|e|n|e|
|d|e|e|d|e|r|
-------------------------
|j|a|b|b|e|d|
|a|b|l|a|t|e|
|b|l|e|t|h|e|
|b|a|t|t|e|n|
|e|t|h|e|n|e|
|d|e|e|n|e|r|
-------------------------
|j|a|b|b|e|d|
|a|b|l|a|t|e|
|b|l|e|t|h|e|
|b|a|t|z|e|n|
|e|t|h|e|n|e|
|d|e|e|n|e|r|
-------------------------
|j|a|b|b|e|d|
|a|b|l|a|t|e|
|b|l|i|g|h|t|
|b|a|g|a|n|i|
|e|t|h|n|i|c|
|d|e|t|i|c|k|
-------------------------
|j|a|b|b|e|d|
|a|b|l|a|t|e|
|b|l|i|g|h|t|
|b|a|g|g|i|e|
|e|t|h|i|c|s|
|d|e|t|e|s|t|
-------------------------
|j|a|b|b|e|d|
|a|b|l|a|t|e|
|b|l|i|g|h|t|
|b|a|g|g|i|e|
|e|t|h|i|o|n|
|d|e|t|e|n|t|
-------------------------
|j|a|b|b|e|d|
|a|b|l|a|t|e|
|b|l|i|t|h|e|
|b|a|t|a|a|n|
|e|t|h|a|n|e|
|d|e|e|n|e|r|
-------------------------
|j|a|b|b|e|d|
|a|b|l|a|t|e|
|b|l|i|t|h|e|
|b|a|t|h|e|d|
|e|t|h|e|n|e|
|d|e|e|d|e|d|
-------------------------
|j|a|b|b|e|d|
|a|b|l|a|t|e|
|b|l|i|t|h|e|
|b|a|t|h|e|d|
|e|t|h|e|n|e|
|d|e|e|d|e|r|
-------------------------
|j|a|b|b|e|d|
|a|b|l|a|t|e|
|b|l|i|t|h|e|
|b|a|t|h|e|s|
|e|t|h|e|n|e|
|d|e|e|s|e|s|
-------------------------
|j|a|b|b|e|d|
|a|b|l|a|t|e|
|b|l|i|t|h|e|
|b|a|t|l|a|n|
|e|t|h|a|n|e|
|d|e|e|n|e|r|
-------------------------
|j|a|b|b|e|d|
|a|b|l|a|t|e|
|b|l|i|t|h|e|
|b|a|t|m|a|n|
|e|t|h|a|n|e|
|d|e|e|n|e|r|
-------------------------
|j|a|b|b|e|d|
|a|b|l|a|t|e|
|b|l|i|t|h|e|
|b|a|t|m|e|n|
|e|t|h|e|n|e|
|d|e|e|n|e|r|
-------------------------
|j|a|b|b|e|d|
|a|b|l|a|t|e|
|b|l|i|t|h|e|
|b|a|t|o|i|d|
|e|t|h|i|d|e|
|d|e|e|d|e|d|
-------------------------
|j|a|b|b|e|d|
|a|b|l|a|t|e|
|b|l|i|t|h|e|
|b|a|t|o|i|d|
|e|t|h|i|d|e|
|d|e|e|d|e|r|
-------------------------
|j|a|b|b|e|d|
|a|b|l|a|t|e|
|b|l|i|t|h|e|
|b|a|t|o|i|d|
|e|t|h|i|n|e|
|d|e|e|d|e|d|
-------------------------
|j|a|b|b|e|d|
|a|b|l|a|t|e|
|b|l|i|t|h|e|
|b|a|t|o|i|d|
|e|t|h|i|n|e|
|d|e|e|d|e|r|
-------------------------
|j|a|b|b|e|d|
|a|b|l|a|t|e|
|b|l|i|t|h|e|
|b|a|t|o|i|d|
|e|t|h|i|z|e|
|d|e|e|d|e|d|
-------------------------
|j|a|b|b|e|d|
|a|b|l|a|t|e|
|b|l|i|t|h|e|
|b|a|t|o|i|d|
|e|t|h|i|z|e|
|d|e|e|d|e|r|
-------------------------
|j|a|b|b|e|d|
|a|b|l|a|t|e|
|b|l|i|t|h|e|
|b|a|t|t|a|s|
|e|t|h|a|n|e|
|d|e|e|s|e|s|
-------------------------
|j|a|b|b|e|d|
|a|b|l|a|t|e|
|b|l|i|t|h|e|
|b|a|t|t|e|d|
|e|t|h|e|n|e|
|d|e|e|d|e|d|
-------------------------
|j|a|b|b|e|d|
|a|b|l|a|t|e|
|b|l|i|t|h|e|
|b|a|t|t|e|d|
|e|t|h|e|n|e|
|d|e|e|d|e|r|
-------------------------
|j|a|b|b|e|d|
|a|b|l|a|t|e|
|b|l|i|t|h|e|
|b|a|t|t|e|n|
|e|t|h|e|n|e|
|d|e|e|n|e|r|
-------------------------
|j|a|b|b|e|d|
|a|b|l|a|t|e|
|b|l|i|t|h|e|
|b|a|t|z|e|n|
|e|t|h|e|n|e|
|d|e|e|n|e|r|
-------------------------
|j|a|b|b|e|d|
|a|b|l|a|t|e|
|b|l|o|k|e|s|
|b|a|k|e|r|s|
|e|t|e|r|n|e|
|d|e|s|s|e|s|
-------------------------
|j|a|b|b|e|d|
|a|b|l|a|t|e|
|b|l|o|r|e|s|
|b|a|r|b|r|e|
|e|t|e|r|n|e|
|d|e|s|e|e|d|
-------------------------
|j|a|b|b|e|d|
|a|b|l|a|t|e|
|b|l|o|w|e|n|
|b|a|w|d|r|y|
|e|t|e|r|n|e|
|d|e|n|y|e|r|
-------------------------
|j|a|b|b|e|d|
|a|b|l|a|t|e|
|b|l|u|s|h|t|
|b|a|s|s|i|a|
|e|t|h|i|o|n|
|d|e|t|a|n|t|
-------------------------
|j|a|b|b|e|d|
|a|b|l|a|t|e|
|b|l|u|s|h|t|
|b|a|s|s|i|e|
|e|t|h|i|c|s|
|d|e|t|e|s|t|
-------------------------
|j|a|b|b|e|d|
|a|b|l|a|t|e|
|b|l|u|s|h|t|
|b|a|s|s|i|e|
|e|t|h|i|o|n|
|d|e|t|e|n|t|
-------------------------
|j|a|b|b|e|d|
|a|b|l|u|s|h|
|b|l|a|n|c|o|
|b|u|n|c|a|l|
|e|s|c|a|p|e|
|d|h|o|l|e|s|
-------------------------
|j|a|b|b|e|d|
|a|b|l|u|s|h|
|b|l|a|n|c|o|
|b|u|n|t|a|l|
|e|s|c|a|p|e|
|d|h|o|l|e|s|
-------------------------
|j|a|b|b|e|d|
|a|b|l|u|s|h|
|b|l|a|n|c|o|
|b|u|n|y|a|n|
|e|s|c|a|p|e|
|d|h|o|n|e|y|
-------------------------
|j|a|b|b|e|d|
|a|b|l|u|s|h|
|b|l|a|s|t|y|
|b|u|s|e|r|a|
|e|s|t|r|i|n|
|d|h|y|a|n|a|
-------------------------
|j|a|b|b|e|d|
|a|b|l|u|s|h|
|b|l|a|t|t|a|
|b|u|t|l|e|r|
|e|s|t|e|e|m|
|d|h|a|r|m|a|
-------------------------
|j|a|b|b|e|d|
|a|b|l|u|s|h|
|b|l|a|t|t|a|
|b|u|t|t|e|r|
|e|s|t|e|e|m|
|d|h|a|r|m|a|
-------------------------
|j|a|b|b|e|d|
|a|b|l|u|s|h|
|b|l|o|t|t|o|
|b|u|t|e|i|n|
|e|s|t|i|v|e|
|d|h|o|n|e|y|
-------------------------
|j|a|b|b|e|d|
|a|b|l|u|s|h|
|b|l|o|t|t|o|
|b|u|t|t|a|l|
|e|s|t|a|l|l|
|d|h|o|l|l|s|
-------------------------
|j|a|b|b|e|d|
|a|b|l|u|s|h|
|b|l|o|t|t|o|
|b|u|t|t|a|l|
|e|s|t|a|t|e|
|d|h|o|l|e|s|
-------------------------
|j|a|b|b|e|d|
|a|b|l|u|t|e|
|b|l|e|t|h|e|
|b|u|t|e|i|n|
|e|t|h|i|d|e|
|d|e|e|n|e|r|
-------------------------
|j|a|b|b|e|d|
|a|b|l|u|t|e|
|b|l|e|t|h|e|
|b|u|t|e|i|n|
|e|t|h|i|n|e|
|d|e|e|n|e|r|
-------------------------
|j|a|b|b|e|d|
|a|b|l|u|t|e|
|b|l|e|t|h|e|
|b|u|t|e|i|n|
|e|t|h|i|z|e|
|d|e|e|n|e|r|
-------------------------
|j|a|b|b|e|d|
|a|b|l|u|t|e|
|b|l|e|t|h|e|
|b|u|t|l|e|d|
|e|t|h|e|n|e|
|d|e|e|d|e|d|
-------------------------
|j|a|b|b|e|d|
|a|b|l|u|t|e|
|b|l|e|t|h|e|
|b|u|t|l|e|d|
|e|t|h|e|n|e|
|d|e|e|d|e|r|
-------------------------
|j|a|b|b|e|d|
|a|b|l|u|t|e|
|b|l|e|t|h|e|
|b|u|t|l|e|s|
|e|t|h|e|n|e|
|d|e|e|s|e|s|
-------------------------
|j|a|b|b|e|d|
|a|b|l|u|t|e|
|b|l|e|t|h|e|
|b|u|t|t|e|d|
|e|t|h|e|n|e|
|d|e|e|d|e|d|
-------------------------
|j|a|b|b|e|d|
|a|b|l|u|t|e|
|b|l|e|t|h|e|
|b|u|t|t|e|d|
|e|t|h|e|n|e|
|d|e|e|d|e|r|
-------------------------
|j|a|b|b|e|d|
|a|b|l|u|t|e|
|b|l|e|t|h|e|
|b|u|t|t|e|s|
|e|t|h|e|n|e|
|d|e|e|s|e|s|
-------------------------
|j|a|b|b|e|d|
|a|b|l|u|t|e|
|b|l|i|g|h|t|
|b|u|g|e|y|e|
|e|t|h|y|l|s|
|d|e|t|e|s|t|
-------------------------
|j|a|b|b|e|d|
|a|b|l|u|t|e|
|b|l|i|t|h|e|
|b|u|t|e|i|n|
|e|t|h|i|d|e|
|d|e|e|n|e|r|
-------------------------
|j|a|b|b|e|d|
|a|b|l|u|t|e|
|b|l|i|t|h|e|
|b|u|t|e|i|n|
|e|t|h|i|n|e|
|d|e|e|n|e|r|
-------------------------
|j|a|b|b|e|d|
|a|b|l|u|t|e|
|b|l|i|t|h|e|
|b|u|t|e|i|n|
|e|t|h|i|z|e|
|d|e|e|n|e|r|
-------------------------
|j|a|b|b|e|d|
|a|b|l|u|t|e|
|b|l|i|t|h|e|
|b|u|t|l|e|d|
|e|t|h|e|n|e|
|d|e|e|d|e|d|
-------------------------
|j|a|b|b|e|d|
|a|b|l|u|t|e|
|b|l|i|t|h|e|
|b|u|t|l|e|d|
|e|t|h|e|n|e|
|d|e|e|d|e|r|
-------------------------
|j|a|b|b|e|d|
|a|b|l|u|t|e|
|b|l|i|t|h|e|
|b|u|t|l|e|s|
|e|t|h|e|n|e|
|d|e|e|s|e|s|
-------------------------
|j|a|b|b|e|d|
|a|b|l|u|t|e|
|b|l|i|t|h|e|
|b|u|t|t|e|d|
|e|t|h|e|n|e|
|d|e|e|d|e|d|
-------------------------
|j|a|b|b|e|d|
|a|b|l|u|t|e|
|b|l|i|t|h|e|
|b|u|t|t|e|d|
|e|t|h|e|n|e|
|d|e|e|d|e|r|
-------------------------
|j|a|b|b|e|d|
|a|b|l|u|t|e|
|b|l|i|t|h|e|
|b|u|t|t|e|s|
|e|t|h|e|n|e|
|d|e|e|s|e|s|
-------------------------
|j|a|b|b|e|d|
|a|b|l|u|t|e|
|b|l|u|s|h|t|
|b|u|s|h|i|e|
|e|t|h|i|c|s|
|d|e|t|e|s|t|
-------------------------
|j|a|b|b|e|d|
|a|b|l|u|t|e|
|b|l|u|s|h|t|
|b|u|s|h|i|e|
|e|t|h|i|o|n|
|d|e|t|e|n|t|
-------------------------
|j|a|b|b|e|d|
|a|b|l|u|t|e|
|b|l|u|s|h|t|
|b|u|s|i|n|e|
|e|t|h|n|i|c|
|d|e|t|e|c|t|
-------------------------
|j|a|b|b|e|d|
|a|b|l|u|t|e|
|b|l|u|s|h|t|
|b|u|s|i|n|e|
|e|t|h|n|o|s|
|d|e|t|e|s|t|
-------------------------
|j|a|b|b|e|d|
|a|b|l|u|t|e|
|b|l|u|s|h|t|
|b|u|s|t|e|e|
|e|t|h|e|r|s|
|d|e|t|e|s|t|
