18:18:11.821420: Trying aardvark
18:19:00.840479: Trying aardwolf
18:19:53.487206: Trying aasvogel
18:21:27.775589: Trying abacisci
18:23:23.953470: Trying abaction
18:26:48.665287: Trying abactors
18:30:44.873518: Trying abaculus
18:33:51.455422: Trying abacuses
18:36:44.497868: Trying abadengo
18:37:51.648976: Trying abaissed
18:38:42.165064: Trying abalones
18:39:15.595054: Trying abampere
18:40:28.384655: Trying abanding
18:40:50.006186: Trying abandons
18:41:12.309967: Trying abapical
-------------------------
|a|b|a|p|i|c|a|l|
|b|i|c|h|r|o|m|e|
|a|c|c|o|r|d|e|d|
|p|h|o|t|o|i|n|g|
|i|r|r|o|g|a|t|e|
|c|o|d|i|a|e|u|m|
|a|m|e|n|t|u|l|a|
|l|e|d|g|e|m|a|n|
-------------------------
|a|b|a|p|i|c|a|l|
|b|i|c|h|r|o|m|e|
|a|c|c|o|r|d|e|d|
|p|h|o|t|o|i|n|g|
|i|r|r|o|r|a|t|e|
|c|o|d|i|a|e|u|m|
|a|m|e|n|t|u|l|a|
|l|e|d|g|e|m|a|n|
18:43:23.703497: Trying abasedly
18:46:15.070965: Trying abashing
18:49:54.523278: Trying abastard
-------------------------
|a|b|a|s|t|a|r|d|
|b|e|m|u|r|m|u|r|
|a|m|u|s|a|b|l|e|
|s|u|s|p|i|r|e|s|
|t|r|a|i|t|o|r|s|
|a|m|b|r|o|s|i|a|
|r|u|l|e|r|i|n|g|
|d|r|e|s|s|a|g|e|
18:54:40.133603: Trying abastral
-------------------------
|a|b|a|s|t|r|a|l|
|b|i|c|h|r|o|m|e|
|a|c|h|i|o|t|e|s|
|s|h|i|p|p|e|r|s|
|t|r|o|p|o|n|i|n|
|r|o|t|e|n|o|n|e|
|a|m|e|r|i|n|d|s|
|l|e|s|s|n|e|s|s|
19:00:11.719668: Trying abatable
19:01:53.531004: Trying abatised
19:03:06.702254: Trying abatises
19:04:19.720240: Trying abatjour
19:05:24.981984: Trying abattage
19:07:20.883670: Trying abattoir
19:09:10.817878: Trying abatures
19:10:34.897748: Trying abbacies
19:13:22.227515: Trying abbatial
19:15:37.917685: Trying abbesses
19:17:48.755109: Trying abbogada
19:18:28.805973: Trying abbotric
19:19:16.112227: Trying abdicant
19:19:59.761303: Trying abdicate
-------------------------
|a|b|d|i|c|a|t|e|
|b|i|o|c|h|r|o|n|
|d|o|g|e|a|r|e|d|
|i|c|e|s|c|a|p|e|
|c|h|a|c|o|n|i|a|
|a|r|r|a|n|g|e|r|
|t|o|e|p|i|e|c|e|
|e|n|d|e|a|r|e|d|
19:20:42.816329: Trying abditive
19:21:19.931711: Trying abditory
19:21:56.386733: Trying abdomens
19:22:35.348094: Trying abdomina
19:23:11.821155: Trying abducens
19:24:24.826334: Trying abducent
19:25:36.408409: Trying abducing
19:26:48.279941: Trying abducted
19:28:00.318658: Trying abductee
19:29:12.935907: Trying abductor
19:30:25.017895: Trying abearing
19:31:22.821359: Trying abegging
19:31:49.924701: Trying abelmosk
19:32:08.173117: Trying abelmusk
19:32:26.477534: Trying abeltree
19:32:47.166064: Trying aberdeen
19:33:14.701981: Trying aberrant
19:33:42.854628: Trying aberrate
19:34:10.823982: Trying abessive
19:36:49.170374: Trying abetment
19:37:34.783346: Trying abettals
19:38:18.904702: Trying abetting
19:39:01.367551: Trying abettors
19:39:44.167326: Trying abeyance
19:39:49.585520: Trying abeyancy
19:39:55.161496: Trying abfarads
19:41:39.082272: Trying abhinaya
19:42:02.791442: Trying abhiseka
19:42:54.387676: Trying abhorred
19:43:15.245975: Trying abhorrer
19:43:35.570346: Trying abichite
19:44:11.047177: Trying abidance
19:44:42.160171: Trying abidings
19:45:04.535282: Trying abietate
19:45:22.550305: Trying abietene
19:45:40.179739: Trying abietite
19:45:57.663955: Trying abigails
19:46:17.486861: Trying abiogeny
19:46:27.424940: Trying abiology
19:46:37.088431: Trying abjected
19:46:47.022164: Trying abjectly
19:46:57.027658: Trying abjoints
19:47:01.318423: Trying abjudged
19:47:13.044165: Trying abjugate
19:47:23.714513: Trying abjurers
19:47:35.182067: Trying abjuring
19:47:46.550002: Trying ablastin
19:49:36.940850: Trying ablating
19:50:37.002133: Trying ablation
19:51:37.700756: Trying ablative
19:52:38.388615: Trying ablators
19:53:38.899415: Trying ablegate
19:54:07.821573: Trying ableisms
19:54:39.296929: Trying ableists
19:55:14.351574: Trying ableness
19:55:48.455740: Trying ablepsia
19:56:40.386437: Trying abluents
19:57:33.086651: Trying ablution
19:58:14.082907: Trying abluvion
19:58:53.812538: Trying abnegate
19:59:11.541162: Trying abnerval
19:59:30.417806: Trying abneural
19:59:49.593496: Trying abnormal
20:00:02.279208: Trying abogados
20:00:30.682764: Trying aboideau
20:00:46.699457: Trying aboiteau
20:01:01.859634: Trying abomasal
20:01:55.389737: Trying abomasum
20:02:48.609701: Trying abomasus
20:03:42.146343: Trying aborally
20:04:26.548057: Trying abording
20:04:52.347757: Trying aborigen
20:05:21.094363: Trying aborigin
20:05:50.142932: Trying aborning
20:06:13.808203: Trying aborsive
20:07:04.125160: Trying abortees
20:07:33.095186: Trying aborters
20:08:02.428198: Trying aborting
20:08:31.194677: Trying abortion
20:09:00.572339: Trying abortive
20:09:29.297908: Trying aboulias
20:09:53.535494: Trying abounded
20:10:16.381079: Trying abounder
20:10:39.473844: Trying abrachia
20:12:15.102876: Trying abradant
20:13:24.441395: Trying abraders
20:14:32.160974: Trying abrading
20:15:40.783841: Trying abraided
20:16:45.597992: Trying abrashes
-------------------------
|a|b|r|a|s|h|e|s|
|b|r|e|n|t|e|s|t|
|r|e|s|t|o|r|e|r|
|a|n|t|e|l|o|p|e|
|s|t|o|l|z|i|t|e|
|h|e|r|o|i|c|a|l|
|e|s|e|p|t|a|t|e|
|s|t|r|e|e|l|e|d|
-------------------------
|a|b|r|a|s|h|e|s|
|b|r|e|n|t|e|s|t|
|r|e|s|t|o|r|e|r|
|a|n|t|e|l|o|p|e|
|s|t|o|l|z|i|t|e|
|h|e|r|o|i|c|a|l|
|e|s|e|p|t|a|t|e|
|s|t|r|e|e|l|e|r|
-------------------------
|a|b|r|a|s|h|e|s|
|b|r|e|n|t|e|s|t|
|r|e|s|t|o|r|e|r|
|a|n|t|i|l|o|p|e|
|s|t|o|l|z|i|t|e|
|h|e|r|o|i|c|a|l|
|e|s|e|p|t|a|t|e|
|s|t|r|e|e|l|e|d|
-------------------------
|a|b|r|a|s|h|e|s|
|b|r|e|n|t|e|s|t|
|r|e|s|t|o|r|e|r|
|a|n|t|i|l|o|p|e|
|s|t|o|l|z|i|t|e|
|h|e|r|o|i|c|a|l|
|e|s|e|p|t|a|t|e|
|s|t|r|e|e|l|e|r|
20:18:49.911728: Trying abrasing
20:20:51.307666: Trying abrasion
20:22:54.994634: Trying abrasive
20:24:55.294607: Trying abrastol
20:27:02.906368: Trying abraying
20:27:51.060263: Trying abrazite
20:28:40.280324: Trying abreacts
-------------------------
|a|b|r|e|a|c|t|s|
|b|r|a|t|c|h|e|t|
|r|a|d|i|c|o|s|e|
|e|t|i|o|l|a|t|e|
|a|c|c|l|i|n|a|l|
|c|h|o|a|n|a|t|e|
|t|e|s|t|a|t|o|r|
|s|t|e|e|l|e|r|s|
-------------------------
|a|b|r|e|a|c|t|s|
|b|r|a|t|c|h|e|t|
|r|a|d|i|c|o|s|e|
|e|t|i|o|l|a|t|e|
|a|c|c|l|i|n|a|l|
|c|h|o|a|n|i|t|e|
|t|e|s|t|a|t|o|r|
|s|t|e|e|l|e|r|s|
20:29:30.551629: Trying abricock
20:30:08.181645: Trying abridged
20:30:38.678479: Trying abridger
20:31:09.768590: Trying abridges
20:31:40.238922: Trying abristle
20:32:44.546260: Trying abrocoma
20:33:24.933102: Trying abrocome
20:34:05.509820: Trying abrogate
20:34:34.872455: Trying abrooked
20:35:00.595858: Trying abrookes
20:35:25.832530: Trying abrosias
20:36:17.104796: Trying abrotine
20:36:52.849257: Trying abrupter
20:37:48.182450: Trying abruptio
20:38:42.576328: Trying abruptly
20:39:37.450243: Trying abscinds
20:42:54.050392: Trying abscised
20:46:20.421841: Trying abscises
20:49:42.370924: Trying abscisin
20:53:06.551223: Trying abscissa
-------------------------
|a|b|s|c|i|s|s|a|
|b|e|p|o|m|m|e|l|
|s|p|e|r|m|i|s|m|
|c|o|r|n|e|t|t|s|
|i|m|m|e|s|h|e|d|
|s|m|i|t|h|i|t|e|
|s|e|s|t|e|t|t|e|
|a|l|m|s|d|e|e|d|
-------------------------
|a|b|s|c|i|s|s|a|
|b|i|t|a|n|h|o|l|
|s|t|e|p|s|i|r|e|
|c|a|p|t|u|r|e|r|
|i|n|s|u|l|a|n|t|
|s|h|i|r|a|l|e|e|
|s|o|r|e|n|e|s|s|
|a|l|e|r|t|e|s|t|
-------------------------
|a|b|s|c|i|s|s|a|
|b|i|t|a|n|h|o|l|
|s|t|e|p|s|i|r|e|
|c|a|p|t|u|r|e|r|
|i|n|s|u|r|a|n|t|
|s|h|i|r|a|l|e|e|
|s|o|r|e|n|e|s|s|
|a|l|e|r|t|e|s|t|
20:56:54.797796: Trying abscisse
-------------------------
|a|b|s|c|i|s|s|e|
|b|a|c|o|n|i|a|n|
|s|c|a|n|d|e|n|t|
|c|o|n|d|o|n|e|r|
|i|n|d|o|l|i|n|e|
|s|i|e|n|i|t|e|s|
|s|a|n|e|n|e|s|s|
|e|n|t|r|e|s|s|e|
21:00:33.962766: Trying absconce
21:03:50.867313: Trying absconds
21:07:49.623544: Trying absconsa
21:11:17.565848: Trying abscound
21:14:43.943044: Trying abseiled
21:15:58.353618: Trying abseiler
21:17:09.444680: Trying absences
21:18:14.824065: Trying absented
21:19:20.128687: Trying absentee
21:20:31.563294: Trying absenter
21:21:46.266692: Trying absentia
21:23:01.272748: Trying absently
21:24:23.389177: Trying absfarad
21:27:12.060074: Trying abshenry
21:28:47.923133: Trying absinthe
21:29:40.869687: Trying absistos
21:32:04.524311: Trying absolent
21:32:54.756439: Trying absolute
21:33:46.581009: Trying absolved
21:34:36.166918: Trying absolver
21:35:28.947681: Trying absolves
21:36:18.131430: Trying absonant
21:37:05.838199: Trying absonous
21:37:54.686465: Trying absorbed
21:38:55.794919: Trying absorber
21:39:55.821710: Trying abstains
21:42:54.658704: Trying absterge
21:45:24.806380: Trying absterse
21:47:46.848020: Trying abstract
-------------------------
|a|b|s|t|r|a|c|t|
|b|a|c|h|e|l|o|r|
|s|c|a|r|m|o|g|e|
|t|h|r|e|a|p|e|n|
|r|e|m|a|n|e|n|t|
|a|l|o|p|e|c|i|a|
|c|o|g|e|n|i|a|l|
|t|r|e|n|t|a|l|s|
21:50:08.439573: Trying abstrict
21:52:37.747934: Trying abstrude
21:55:17.953685: Trying abstruse
21:57:51.561590: Trying absurder
22:00:02.348255: Trying absurdly
22:01:58.611878: Trying absurdum
22:03:55.578361: Trying abthanes
22:04:57.529211: Trying abulyeit
22:05:20.825370: Trying abumbral
22:06:16.661467: Trying abundant
22:06:35.920428: Trying abusable
22:09:13.044149: Trying abusages
22:11:48.858930: Trying abusedly
22:13:56.928612: Trying abuseful
22:15:59.611408: Trying abusions
22:17:54.248041: Trying abusious
22:19:57.701994: Trying abutilon
22:20:40.082007: Trying abutment
22:21:41.483263: Trying abuttals
22:22:41.353899: Trying abutters
22:23:37.789099: Trying abutting
22:24:33.857265: Trying acacetin
22:28:14.636887: Trying academes
-------------------------
|a|c|a|d|e|m|e|s|
|c|i|n|e|r|a|m|a|
|a|n|e|m|o|n|a|l|
|d|e|m|i|t|i|n|t|
|e|r|o|t|i|c|a|l|
|m|a|n|i|c|a|t|e|
|e|m|a|n|a|t|e|s|
|s|a|l|t|l|e|s|s|
22:30:21.247000: Trying academia
22:32:20.050156: Trying academic
22:34:29.286186: Trying academie
22:36:40.103466: Trying acalepha
22:37:55.981602: Trying acalephe
22:39:08.702890: Trying acalephs
22:40:21.695624: Trying acalycal
22:41:18.869324: Trying acalypha
22:42:16.050004: Trying acampsia
22:45:20.560899: Trying acanthad
22:46:17.563775: Trying acanthae
22:47:11.975373: Trying acanthas
22:48:04.541846: Trying acanthin
22:48:57.349937: Trying acanthon
22:49:49.243138: Trying acanthus
22:50:38.775029: Trying acapnial
22:55:14.362577: Trying acapnias
23:01:29.862409: Trying acapulco
23:05:15.721769: Trying acarbose
23:07:20.670735: Trying acardiac
23:08:56.455813: Trying acardite
23:11:22.399141: Trying acaridae
23:15:41.788953: Trying acaridan
23:18:54.052499: Trying acarines
-------------------------
|a|c|a|r|i|n|e|s|
|c|o|r|o|n|e|n|e|
|a|r|i|s|t|a|t|e|
|r|o|s|s|e|r|e|d|
|i|n|t|e|r|a|l|l|
|n|e|a|r|a|b|l|e|
|e|n|t|e|l|l|u|s|
|s|e|e|d|l|e|s|s|
-------------------------
|a|c|a|r|i|n|e|s|
|c|o|r|o|n|e|n|e|
|a|r|i|s|t|a|t|e|
|r|o|s|t|e|r|e|d|
|i|n|t|e|r|a|l|l|
|n|e|a|r|a|b|l|e|
|e|n|t|e|l|l|u|s|
|s|e|e|d|l|e|s|s|
23:22:10.323489: Trying acarpous
23:29:33.276971: Trying acaryote
23:32:48.748249: Trying acatours
23:37:16.642029: Trying acaudate
23:41:34.286641: Trying acauline
23:45:01.423485: Trying acaulose
23:48:22.414266: Trying acaulous
23:51:58.107156: Trying accadian
00:08:01.488430: Trying acceders
00:15:46.456062: Trying acceding
