00:17:42.599130: Trying aaerially
00:19:29.948926: Trying aardvarks
00:20:20.910901: Trying aasvogels
00:23:18.420093: Trying abacinate
00:26:41.230054: Trying abaciscus
00:29:01.157797: Trying abactinal
00:32:23.344410: Trying abaisance
00:33:26.233691: Trying abalation
00:34:09.777658: Trying abamperes
00:35:32.322013: Trying abandoned
00:35:55.800192: Trying abandonee
00:36:19.474960: Trying abandoner
00:36:43.430921: Trying abasement
00:39:39.046653: Trying abashedly
00:44:11.979305: Trying abashless
00:48:39.121735: Trying abashment
00:53:04.538325: Trying abatement
00:54:26.467145: Trying abatjours
00:55:43.266040: Trying abattised
00:57:53.706487: Trying abattises
01:00:02.695074: Trying abattoirs
01:02:09.654438: Trying abbacomes
01:05:01.045674: Trying abbandono
01:06:49.219595: Trying abbatical
01:09:06.848460: Trying abboccato
01:10:08.821582: Trying abbotcies
01:11:02.137558: Trying abbotship
01:11:54.236981: Trying abcoulomb
01:13:10.046511: Trying abdicable
01:14:10.022058: Trying abdicated
01:15:10.574135: Trying abdicates
01:16:10.433069: Trying abdicator
01:17:10.961436: Trying abdominal
01:17:56.054820: Trying abductees
01:19:27.342940: Trying abducting
01:20:58.215906: Trying abduction
01:22:29.657386: Trying abductors
01:24:01.285841: Trying abearance
01:25:20.485050: Trying abecedary
01:26:23.299390: Trying abelmosks
01:26:38.196808: Trying abenteric
01:26:53.451703: Trying abernethy
01:27:20.488528: Trying aberrance
01:27:49.675603: Trying aberrancy
01:28:19.389362: Trying aberrants
01:28:48.883837: Trying aberrated
01:29:18.850073: Trying aberrates
01:29:48.564468: Trying aberrator
01:30:18.334543: Trying abessives
01:33:18.024355: Trying abetments
01:34:11.092299: Trying abeyances
01:34:15.329984: Trying abhenries
01:34:45.544408: Trying abhorrent
01:35:13.543892: Trying abhorrers
01:35:41.333154: Trying abhorring
01:36:08.874822: Trying abidances
01:36:50.092835: Trying abidingly
01:37:21.026201: Trying abietinic
01:37:48.558796: Trying abiliment
01:38:04.747965: Trying abilities
01:38:20.773670: Trying abiogenic
01:38:36.309941: Trying abiotical
01:39:02.748393: Trying abjecting
01:39:13.182769: Trying abjection
01:39:23.309451: Trying abjective
01:39:33.762749: Trying abjointed
01:39:37.965598: Trying abjudging
01:39:49.587207: Trying ablactate
01:41:19.931867: Trying ablastous
01:43:43.966932: Trying ablations
01:44:57.615687: Trying ablatival
01:46:11.187594: Trying ablatives
01:47:24.849347: Trying ablegates
01:47:53.411613: Trying ablutions
01:48:49.107314: Trying abnegated
01:49:11.226105: Trying abnegates
01:49:33.384817: Trying abnegator
01:49:55.518615: Trying abnormals
01:50:15.421335: Trying abnormity
01:50:35.436553: Trying abnormous
01:50:55.261039: Trying aboardage
01:51:43.516537: Trying abococket
01:52:48.965844: Trying abodement
01:53:27.666380: Trying aboideaus
01:53:49.874079: Trying aboideaux
01:54:12.042676: Trying aboiteaus
01:54:32.792220: Trying aboiteaux
01:54:55.661495: Trying abolished
01:55:12.322560: Trying abolisher
01:55:27.175917: Trying abolishes
01:55:42.274190: Trying abolition
01:55:56.464893: Trying abomasusi
01:57:15.310010: Trying abominate
01:58:01.762003: Trying abondance
01:58:12.870649: Trying aborigens
01:58:50.147702: Trying aborigine
01:59:27.413918: Trying aborigins
02:00:04.613825: Trying abortient
02:00:39.508723: Trying abortions
02:01:14.896625: Trying abortuary
02:01:50.021536: Trying abortuses
02:02:26.394046: Trying aboudikro
02:03:03.968225: Trying abounding
02:03:34.108048: Trying abovedeck
02:03:56.952491: Trying abovesaid
02:04:20.565724: Trying abrachias
02:06:16.601942: Trying abradable
02:07:49.311010: Trying abradants
02:09:18.853617: Trying abraiding
02:10:38.296183: Trying abrasions
02:13:11.120596: Trying abrasives
02:15:43.285763: Trying abraxases
02:16:39.429366: Trying abrazitic
02:17:34.847938: Trying abreacted
02:18:24.032182: Trying abreption
02:19:21.271769: Trying abreuvoir
02:20:07.771493: Trying abricocks
02:20:56.484246: Trying abridgers
02:21:40.428116: Trying abridging
02:22:25.050137: Trying abrogable
02:22:58.314016: Trying abrogated
02:23:30.978037: Trying abrogates
02:24:03.019751: Trying abrogator
02:24:35.080381: Trying abrooking
02:25:03.206278: Trying abrotanum
02:25:50.217639: Trying abruptest
02:26:53.858570: Trying abruption
02:27:58.332597: Trying absampere
02:31:17.776328: Trying abscessed
02:35:04.125054: Trying abscesses
02:38:49.621516: Trying abscinded
02:43:05.916557: Trying abscising
02:47:28.593090: Trying abscisins
02:51:50.786894: Trying abscision
02:56:50.667240: Trying abscissas
03:01:15.938875: Trying abscisses
03:05:40.223681: Trying abscissin
03:10:06.091246: Trying absconded
03:13:21.256889: Trying absconder
03:16:36.528313: Trying abseilers
03:17:41.656487: Trying abseiling
03:18:46.411787: Trying absentees
03:19:47.925298: Trying absenters
03:20:48.849261: Trying absenting
03:21:50.048551: Trying absinthes
03:22:54.288435: Trying absinthic
03:23:57.864922: Trying absinthin
03:25:01.171419: Trying absinthol
03:26:04.335496: Trying absoluter
03:26:54.688085: Trying absolutes
03:27:45.954300: Trying absolvent
03:28:35.825461: Trying absolvers
03:29:26.381308: Trying absolving
03:30:15.922618: Trying absorbate
03:31:22.940796: Trying absorbent
03:32:30.333923: Trying absorbers
03:33:38.415143: Trying absorbing
03:34:45.858277: Trying abstained
03:37:40.734585: Trying abstainer
03:40:34.041563: Trying absterged
03:42:47.612038: Trying absterges
03:45:00.024634: Trying abstinent
03:47:27.019186: Trying abstracts
03:49:50.551708: Trying abstricts
03:52:13.485503: Trying abstruser
03:54:40.188459: Trying absurdest
03:56:49.316746: Trying absurdism
03:58:56.107202: Trying absurdist
04:01:23.681206: Trying absurdity
04:04:33.144742: Trying abthainry
04:05:51.278351: Trying abthanage
04:07:14.141682: Trying abudefduf
04:08:21.816614: Trying abuilding
04:09:26.708145: Trying abundance
04:09:51.132937: Trying abundancy
04:10:16.936628: Trying aburabozu
04:11:41.066072: Trying aburagiri
04:13:06.378687: Trying abusively
04:16:10.603352: Trying abutilons
04:17:12.971781: Trying abutments
04:18:53.595170: Trying abysmally
04:19:05.080716: Trying abyssinia
04:19:20.647104: Trying academial
04:22:20.043565: Trying academian
04:24:57.437687: Trying academias
04:27:20.901022: Trying academics
04:29:34.881493: Trying academies
04:31:47.980190: Trying academise
04:34:01.623098: Trying academism
04:36:14.241279: Trying academist
04:38:26.417291: Trying academite
04:40:38.204655: Trying academize
04:42:51.188309: Trying acalculia
04:44:02.483912: Trying acalephae
04:45:10.945516: Trying acalephan
04:46:18.653318: Trying acalephas
04:47:26.607410: Trying acalephes
04:48:35.020658: Trying acalycine
04:49:18.702180: Trying acanthial
04:50:20.633227: Trying acanthine
04:51:22.632137: Trying acanthins
04:52:24.252508: Trying acanthion
04:53:26.369789: Trying acanthite
04:54:29.033318: Trying acanthoid
04:55:51.945634: Trying acanthoma
04:57:14.412579: Trying acanthous
04:58:17.314747: Trying acapnotic
05:05:15.093994: Trying acappella
05:18:39.046263: Trying acapsular
05:30:03.622797: Trying acaracide
05:33:02.771096: Trying acarboses
05:35:12.285615: Trying acariases
05:37:20.871323: Trying acariasis
05:39:29.255646: Trying acariatre
05:41:37.323155: Trying acaricide
05:43:49.644472: Trying acaridans
05:45:59.890636: Trying acaridean
05:48:09.512276: Trying acaridian
05:50:18.433626: Trying acariform
05:52:26.677456: Trying acariosis
05:54:35.365372: Trying acarology
05:56:58.827801: Trying acatharsy
05:59:50.129493: Trying acathexia
06:02:38.600050: Trying acathexis
06:05:28.073382: Trying acatholic
06:08:15.121559: Trying accademia
06:15:53.919774: Trying accedence
06:19:49.459137: Trying accending
06:22:27.083960: Trying accension
06:25:07.724952: Trying accenting
06:27:49.750083: Trying accentors
06:30:28.112735: Trying accentual
06:33:06.680483: Trying acceptant
06:37:36.640935: Trying acceptees
06:42:06.411943: Trying accepters
06:46:36.506922: Trying accepting
06:51:05.917785: Trying acception
06:55:41.224238: Trying acceptive
07:00:12.164257: Trying acceptors
07:04:42.663332: Trying accessing
07:10:37.025344: Trying accession
07:16:27.694253: Trying accessive
07:22:19.099193: Trying accessors
07:28:13.438235: Trying accessory
07:34:03.589833: Trying accidence
07:38:36.389016: Trying accidency
07:43:09.270965: Trying accidents
07:47:42.240091: Trying accinging
07:50:45.443209: Trying accipient
07:56:07.431172: Trying accipiter
08:01:00.152030: Trying acclaimed
08:03:04.016921: Trying acclaimer
08:05:09.003878: Trying acclimate
08:06:46.540419: Trying acclinate
08:08:23.601625: Trying acclivity
08:10:00.021052: Trying acclivous
08:11:36.149063: Trying accloying
08:13:01.608754: Trying accoasted
08:16:08.914770: Trying accoladed
08:18:45.557510: Trying accolades
08:21:20.480046: Trying accolated
08:23:56.315124: Trying accompany
08:28:02.235976: Trying accomplis
08:32:04.983515: Trying accompted
08:36:09.503601: Trying accoraged
08:39:40.064833: Trying accorages
08:43:10.554139: Trying accordant
08:46:34.683256: Trying accorders
08:50:01.574375: Trying according
08:53:25.423571: Trying accordion
08:57:24.451451: Trying accosting
09:02:31.916430: Trying accounsel
09:04:56.408632: Trying accounted
09:07:20.002477: Trying accounter
09:09:42.928514: Trying accourage
09:12:06.347381: Trying accourted
09:14:30.231066: Trying accouters
09:16:53.189610: Trying accredits
09:19:04.515423: Trying accreting
09:21:15.410631: Trying accretion
09:23:26.533633: Trying accretive
09:25:37.176421: Trying accrewing
09:27:50.037268: Trying accroides
09:29:53.412549: Trying accruable
09:32:34.201582: Trying accubitum
09:39:18.702155: Trying accubitus
09:46:26.359928: Trying accumbent
09:56:23.278728: Trying accursing
10:04:39.494091: Trying accusable
10:16:08.243574: Trying accusably
10:27:27.329297: Trying accusants
10:38:45.821026: Trying accusator
10:50:56.305894: Trying accustoms
11:02:52.757341: Trying acecaffin
11:06:23.748536: Trying acediamin
11:07:44.314800: Trying aceldamas
11:08:16.156206: Trying acellular
11:08:44.335624: Trying acensuada
11:09:39.945314: Trying acentrous
11:10:17.548458: Trying aceologic
11:11:23.904335: Trying acephalan
11:14:23.249540: Trying acephalia
11:17:22.250467: Trying acephalus
11:20:22.818516: Trying aceraceae
11:22:15.839994: Trying acerbated
11:23:35.167294: Trying acerbates
11:24:52.260237: Trying acervatim
11:25:41.257704: Trying acervulus
11:26:30.187328: Trying acescence
11:38:02.492899: Trying acescency
11:50:23.447543: Trying acescents
12:14:54.019855: Trying acesodyne
12:43:48.646229: Trying acetabula
13:04:58.049286: Trying acetaldol
13:12:28.157816: Trying acetalize
13:18:06.581531: Trying acetamide
13:24:40.792221: Trying acetamido
13:31:59.760221: Trying acetamids
13:38:14.746381: Trying acetanion
13:44:56.928864: Trying acetannin
13:48:32.095412: Trying acetation
13:51:39.749969: Trying acetified
13:54:06.967093: Trying acetifier
13:56:45.888873: Trying acetifies
13:59:28.130923: Trying acetonate
14:02:51.701817: Trying acetonize
14:06:36.898384: Trying acetosity
14:09:09.619875: Trying acetoxime
14:11:36.086876: Trying acetoxyls
14:14:07.465098: Trying acetylate
14:16:06.025625: Trying acetylene
14:18:02.609625: Trying acetylide
14:19:58.453391: Trying acetylize
14:21:55.673989: Trying achaenium
14:28:08.880770: Trying achaetous
14:31:25.575572: Trying achalasia
14:33:46.081803: Trying acheilary
14:34:52.134055: Trying acheilous
14:35:56.782378: Trying acheirous
14:37:01.350461: Trying acheniums
14:38:10.757248: Trying achenodia
14:39:21.278302: Trying acheulean
14:40:30.326721: Trying achievers
14:41:54.296240: Trying achieving
14:43:21.118639: Trying achillean
14:44:39.265239: Trying achilleas
14:45:59.346526: Trying achillein
14:47:19.167878: Trying achillize
14:48:38.444120: Trying achimenes
14:50:44.115084: Trying acholuria
14:51:43.954291: Trying acholuric
14:52:44.433058: Trying achordate
14:54:12.263606: Trying achromate
14:55:07.853421: Trying achromats
14:55:48.733341: Trying achromous
14:56:29.747708: Trying achronism
14:57:10.790960: Trying achropsia
14:57:51.807517: Trying aciculate
15:01:08.300271: Trying aciculums
15:04:31.359963: Trying acidaemia
15:05:52.549498: Trying acidemias
15:06:54.218673: Trying acidfreak
15:07:55.148823: Trying acidheads
15:08:46.828382: Trying acidified
15:09:51.252763: Trying acidifier
15:10:53.596812: Trying acidifies
15:12:24.115076: Trying acidities
15:16:09.435598: Trying acidizing
15:19:29.392774: Trying acidology
15:22:02.568689: Trying acidophil
15:24:59.477529: Trying acidproof
15:29:38.920596: Trying acidulant
15:31:31.784250: Trying acidulate
15:33:31.589110: Trying acidulent
15:35:28.490964: Trying acidulous
15:37:20.401842: Trying acidurias
15:39:05.515048: Trying acierages
15:41:52.167209: Trying acierated
15:44:41.003596: Trying acierates
15:47:34.879602: Trying aciliated
15:48:35.188281: Trying acinacity
15:50:16.556161: Trying aciniform
15:51:44.112797: Trying acipenser
15:55:39.953039: Trying acknowing
15:56:33.366017: Trying acleidian
15:59:34.525837: Trying acneiform
16:00:40.785976: Trying acockbill
16:03:25.038342: Trying acoluthic
16:04:32.363830: Trying aconative
16:06:03.672351: Trying aconcagua
16:06:54.932701: Trying aconitine
16:07:47.337071: Trying aconitums
16:08:37.867314: Trying acopyrine
16:11:50.909323: Trying acoraceae
16:13:37.233670: Trying acosmisms
16:22:56.672700: Trying acosmists
16:43:33.155466: Trying acoumeter
16:52:21.301225: Trying acoumetry
17:00:45.869917: Trying acousmata
17:05:32.872501: Trying acoustics
17:10:22.593699: Trying acquaints
17:10:56.533798: Trying acquereur
17:11:16.837701: Trying acquiesce
17:11:34.185284: Trying acquights
17:12:00.724720: Trying acquirals
17:12:22.343409: Trying acquirers
17:12:42.297100: Trying acquiring
17:13:01.686681: Trying acquisita
17:13:19.663492: Trying acquisite
17:13:37.521052: Trying acquittal
17:13:56.650086: Trying acquitted
17:14:16.274194: Trying acquitter
17:14:38.792444: Trying acraniate
17:20:48.878110: Trying acrestaff
17:26:42.229731: Trying acrididae
17:30:17.409310: Trying acridines
17:33:51.901743: Trying acridinic
17:37:36.621741: Trying acridness
17:41:08.891605: Trying acritarch
17:44:09.366565: Trying acritical
17:47:46.205228: Trying acroamata
17:50:45.533490: Trying acrobates
17:57:40.810512: Trying acrobatic
18:03:04.874027: Trying acroblast
18:08:11.466798: Trying acrocomia
18:15:24.629787: Trying acrodonts
18:20:23.023850: Trying acrodrome
18:25:27.070569: Trying acrodynia
18:30:22.598995: Trying acrogenic
18:33:59.874874: Trying acrogynae
18:37:20.140616: Trying acrolects
18:40:47.517174: Trying acroleins
18:44:13.639144: Trying acroliths
18:47:54.943425: Trying acrologic
18:51:39.591368: Trying acrologue
18:55:52.058912: Trying acromania
19:02:28.295749: Trying acrometer
19:08:41.448978: Trying acromimia
19:15:01.764084: Trying acromions
19:21:31.242217: Trying acronical
19:24:48.345849: Trying acronycal
19:27:43.404564: Trying acronymic
19:30:46.899152: Trying acropathy
19:42:24.284127: Trying acropetal
19:52:27.427894: Trying acrophobe
20:13:02.875752: Trying acrophony
20:24:59.131165: Trying acropodia
20:33:13.798362: Trying acropolis
20:42:21.428442: Trying acrosarca
20:50:59.399320: Trying acrosomal
21:00:29.761348: Trying acrosomes
21:06:55.846017: Trying acrospire
21:14:10.579528: Trying acrospore
21:20:36.659006: Trying acrostics
21:27:49.886617: Trying acroteral
21:32:51.599718: Trying acroteria
21:37:47.207439: Trying acroteric
21:42:59.548558: Trying acrotisms
21:48:16.717885: Trying acrylates
21:48:33.260243: Trying actinally
21:52:17.171502: Trying actinaria
21:56:43.021844: Trying actinians
22:01:14.600614: Trying actinical
22:04:26.411991: Trying actinides
22:07:52.010147: Trying actinidia
22:11:06.893557: Trying actinisms
22:14:20.525965: Trying actiniums
22:17:34.095364: Trying actinoids
22:20:42.037173: Trying actinopod
22:23:56.929371: Trying actinozoa
22:27:28.803434: Trying actinulae
22:33:59.057797: Trying actionary
22:43:05.434077: Trying actioners
22:49:34.592679: Trying actioning
22:54:18.813160: Trying actionist
23:00:08.166184: Trying actionize
23:03:48.726897: Trying activable
23:07:49.730777: Trying activated
23:11:49.194358: Trying activates
23:15:38.658861: Trying activator
23:19:37.504698: Trying activisms
23:24:55.082007: Trying activists
23:29:00.525672: Trying activital
23:32:22.852862: Trying activized
23:35:28.067236: Trying activizes
23:38:27.268092: Trying actorship
23:42:02.460996: Trying actresses
23:46:30.588094: Trying actualise
23:53:36.433185: Trying actualism
00:00:51.656254: Trying actualist
00:08:11.741050: Trying actuality
00:14:20.672260: Trying actualize
00:19:35.891341: Trying actuarial
00:24:29.860897: Trying actuarian
00:29:10.875646: Trying actuaries
00:34:05.711713: Trying actuarily
00:39:49.814201: Trying actuating
00:45:34.245732: Trying actuation
00:51:19.301728: Trying actuators
00:56:42.159027: Trying acuductor
00:59:29.186849: Trying aculeated
01:00:47.141312: Trying aculeolus
01:02:03.707957: Trying acuminate
01:04:59.226022: Trying acuminose
01:07:53.777714: Trying acuminous
01:10:52.728422: Trying acupoints
01:15:08.421924: Trying acurative
01:18:15.759719: Trying acusector
01:31:16.202057: Trying acutances
01:34:13.221970: Trying acuteness
01:36:27.446073: Trying acutiator
01:38:41.374842: Trying acyclovir
01:38:47.869805: Trying acylamido
01:38:50.639312: Trying acylamino
01:38:53.466943: Trying acylating
01:38:56.077013: Trying acylation
01:38:58.723963: Trying acyrology
01:39:01.498691: Trying adactylia
01:43:48.026751: Trying adagietto
01:45:10.495318: Trying adamances
01:48:30.408875: Trying adamantly
01:51:50.221130: Trying adamsites
01:55:00.356454: Trying adansonia
01:56:12.763458: Trying adaptable
02:03:22.915365: Trying adaptably
02:10:27.301452: Trying adaptions
02:17:23.695034: Trying addeeming
02:17:51.445419: Trying addendums
02:18:22.145331: Trying adderbolt
02:19:12.828044: Trying adderfish
02:20:03.690027: Trying adderspit
02:20:55.877200: Trying adderwort
02:21:46.415922: Trying addicting
02:22:28.848911: Trying addiction
02:23:12.479889: Trying addictive
02:23:54.363544: Trying additions
02:24:29.382549: Trying additives
02:25:03.824415: Trying addlehead
02:25:17.914438: Trying addlement
02:25:32.160339: Trying addleness
02:25:46.197489: Trying addlepate
02:26:00.302349: Trying addleplot
02:26:14.918460: Trying addooming
02:26:40.196423: Trying addressed
02:26:58.785387: Trying addressee
02:27:17.786647: Trying addresser
02:27:36.553200: Trying addresses
02:27:55.856082: Trying addressor
02:28:15.665346: Trying adducible
02:29:05.302221: Trying adducting
02:29:55.988582: Trying adduction
02:30:46.878810: Trying adductive
02:31:36.621159: Trying adductors
02:32:26.902204: Trying adelaster
02:33:22.377489: Trying adelgidae
02:33:55.337738: Trying adelphous
02:34:44.954493: Trying ademonist
02:36:04.634943: Trying ademption
02:38:26.057449: Trying adenalgia
02:39:16.459819: Trying adeniform
02:39:56.280031: Trying adenocele
02:40:28.561119: Trying adenocyst
02:41:00.941223: Trying adenoidal
02:41:32.450028: Trying adenology
02:42:04.423111: Trying adenomata
02:42:38.502527: Trying adenoncus
02:43:10.540583: Trying adenosine
02:43:43.849131: Trying adenotome
02:44:16.458413: Trying adenotomy
02:44:48.820324: Trying adephagan
02:47:11.808262: Trying adephagia
02:49:36.567426: Trying adeptness
02:52:42.288117: Trying adeptship
02:55:54.397448: Trying adespoton
03:02:43.190830: Trying adessives
03:08:23.437576: Trying adffrozen
03:08:51.195612: Trying adfiliate
03:09:10.087980: Trying adfluxion
03:09:36.597997: Trying adherence
03:10:19.625283: Trying adherency
03:11:02.318953: Trying adherends
03:11:45.437785: Trying adherents
03:12:28.304065: Trying adhesions
03:13:09.737775: Trying adhesives
03:13:51.463871: Trying adhibited
03:14:21.146863: Trying adhocracy
03:14:48.673236: Trying adiabatic
03:16:12.946389: Trying adiaphora
03:18:45.055615: Trying adiaphory
03:21:16.018174: Trying adigranth
03:21:41.685081: Trying adipocele
03:22:57.961153: Trying adipocere
03:24:14.450634: Trying adipocyte
03:25:30.480766: Trying adipomata
03:26:46.165081: Trying adiposity
03:28:03.630415: Trying adjacence
03:28:25.500285: Trying adjacency
03:28:47.152908: Trying adjection
03:28:56.992817: Trying adjective
03:29:06.446755: Trying adjoinant
03:29:09.511658: Trying adjoining
03:29:12.517551: Trying adjournal
03:29:15.561771: Trying adjourned
03:29:18.551238: Trying adjudging
03:29:26.458562: Trying adjunctly
03:29:31.536316: Trying adjustage
03:29:42.264142: Trying adjusters
03:29:52.892239: Trying adjusting
03:30:03.420773: Trying adjustive
03:30:14.736777: Trying adjutages
03:30:21.291168: Trying adjutancy
03:30:27.713606: Trying adjutants
03:30:34.145367: Trying adjutator
03:30:40.625477: Trying adjutrice
03:30:47.130610: Trying adjuvancy
03:30:52.414577: Trying adjuvants
03:30:57.876508: Trying adlegiare
03:31:25.283511: Trying adlumidin
03:32:01.340307: Trying admeasure
03:32:58.686304: Trying adminicle
03:33:34.034183: Trying admirable
03:34:34.444066: Trying admirably
03:35:35.441752: Trying admiralty
03:36:36.083506: Trying admirance
03:37:36.137271: Trying admirator
03:38:36.508161: Trying admiredly
03:39:35.010676: Trying admission
03:40:53.185607: Trying admissive
03:42:11.417702: Trying admissory
03:43:32.326432: Trying admittees
03:44:20.045171: Trying admitters
03:45:07.127155: Trying admitting
03:45:51.979467: Trying admixtion
03:46:21.432551: Trying admixture
03:46:50.756897: Trying admonitor
03:47:21.772062: Trying adnascent
03:48:31.616702: Trying adnations
03:49:13.773488: Trying adnescent
03:49:47.903366: Trying adnexitis
03:50:00.360884: Trying adnominal
03:50:18.191041: Trying adobelike
03:51:34.399481: Trying adolesced
03:51:57.777615: Trying adonising
03:52:30.298366: Trying adonizing
03:53:02.344231: Trying adoperate
03:55:39.529309: Trying adoptable
03:58:50.430344: Trying adoptedly
04:02:21.243172: Trying adoptions
04:06:42.064829: Trying adoptious
04:11:05.173997: Trying adoration
04:12:16.156684: Trying adoratory
04:13:28.287231: Trying adoringly
04:14:21.738666: Trying adornment
04:14:59.325828: Trying adpressed
04:17:18.419258: Trying adpresses
04:19:38.908086: Trying adreading
04:20:37.384351: Trying adrenalin
04:21:30.302978: Trying adrenally
04:22:22.189789: Trying adrenitis
04:23:15.658968: Trying adroitest
04:23:47.151679: Trying adrostral
04:25:01.118633: Trying adscripts
04:31:58.298084: Trying adsignify
04:33:00.009063: Trying adsorbate
04:34:42.623489: Trying adsorbent
04:36:08.763697: Trying adsorbers
04:37:33.707695: Trying adsorbing
04:38:59.721066: Trying adstringe
04:42:16.378091: Trying adularias
04:43:02.211171: Trying adulating
04:43:48.844540: Trying adulation
04:44:36.189105: Trying adulators
04:45:22.860844: Trying adulatory
04:46:09.372437: Trying adulterer
04:46:40.189898: Trying adulthood
04:47:11.543834: Trying adultlike
04:47:43.059992: Trying adultness
04:48:16.058352: Trying adultress
04:48:48.873418: Trying adumbrant
04:50:06.757886: Trying adumbrate
04:51:24.775270: Trying adunation
04:52:07.107196: Trying aduncated
04:52:36.782468: Trying advancers
04:53:03.958252: Trying advancing
04:53:31.042851: Trying advancive
04:53:58.407566: Trying advantage
04:54:26.899284: Trying advecting
04:55:00.104050: Trying advection
04:55:33.170781: Trying advective
04:56:06.044178: Trying advenient
04:56:22.436324: Trying advential
04:56:38.931126: Trying adventism
04:56:55.451256: Trying adventist
04:57:11.950553: Trying adventive
04:57:28.361361: Trying adventual
04:57:45.637793: Trying adventure
04:58:02.815269: Trying adverbial
04:58:36.757652: Trying adversant
04:59:09.059578: Trying adversary
04:59:41.343371: Trying adversely
05:00:13.752412: Trying adversest
05:00:45.912896: Trying adversing
05:01:18.142275: Trying adversion
05:01:50.365651: Trying adversity
05:02:22.930736: Trying adversive
05:02:56.179483: Trying advertent
05:03:29.357365: Trying adverting
05:04:02.326081: Trying advertise
05:04:35.773730: Trying adviceful
05:04:52.056254: Trying advisable
05:05:18.227123: Trying advisably
05:05:44.286181: Trying advisedly
05:06:10.029665: Trying advisings
05:06:35.686307: Trying advocaats
05:07:00.778537: Trying advocated
05:07:26.852867: Trying advocates
05:07:52.380372: Trying advocator
05:08:17.632282: Trying advoutrer
05:08:28.976586: Trying advowsons
05:08:42.188956: Trying adwarding
05:09:15.508090: Trying adynamias
05:09:16.099164: Trying aediculae
05:10:45.635560: Trying aedoeagus
05:11:31.606721: Trying aegiceras
05:12:09.554174: Trying aegirines
05:12:41.078520: Trying aegirites
05:13:13.152390: Trying aegisthus
05:14:09.048746: Trying aeglogues
05:14:28.043255: Trying aegophony
05:14:54.560842: Trying aegritude
05:15:19.653451: Trying aegrotant
05:15:46.781179: Trying aegrotats
05:16:14.181435: Trying aelodicon
05:16:40.917487: Trying aeolipile
05:17:06.810372: Trying aeolipyle
05:17:33.695977: Trying aeolistic
05:18:00.823977: Trying aeolodion
05:18:21.564360: Trying aepyceros
05:18:34.798537: Trying aepyornis
05:18:43.767085: Trying aequoreal
05:18:46.880725: Trying aequorins
05:18:49.967603: Trying aerations
05:21:30.061358: Trying aerialist
05:22:46.171587: Trying aeriality
05:24:01.653710: Trying aerifying
05:25:03.429324: Trying aerobated
05:26:28.781494: Trying aerobatic
05:27:54.704973: Trying aerobiont
05:29:19.578542: Trying aerobious
05:30:42.418448: Trying aerobombs
05:32:01.229025: Trying aerobrake
05:33:20.174943: Trying aerobuses
05:34:45.017522: Trying aerocraft
05:36:29.487381: Trying aerocurve
05:38:22.043981: Trying aerodarts
05:39:36.845986: Trying aerodrome
05:40:44.224083: Trying aeroducts
05:41:56.390467: Trying aerodynes
05:43:03.337988: Trying aerofoils
05:44:07.580918: Trying aerogenes
05:45:06.016805: Trying aerogenic
05:46:04.332087: Trying aerognosy
05:47:02.173520: Trying aerograms
05:48:01.039034: Trying aerograph
05:48:58.610039: Trying aerolites
05:50:00.653013: Trying aeroliths
05:51:02.315370: Trying aerolitic
05:52:03.423858: Trying aerologic
05:53:04.750909: Trying aerolytic
05:54:02.182644: Trying aeromancy
05:55:46.402276: Trying aerometer
05:57:25.064743: Trying aerometry
05:59:04.048721: Trying aeromotor
06:00:39.127768: Trying aeronauts
06:01:28.179834: Trying aeronomer
06:02:16.792088: Trying aeronomic
06:03:05.324480: Trying aeropathy
06:05:04.517536: Trying aeropause
06:07:05.053827: Trying aerophagy
06:08:55.003684: Trying aerophane
06:10:45.774417: Trying aerophile
06:12:36.347523: Trying aerophobe
06:14:33.077283: Trying aerophone
06:16:23.586132: Trying aerophore
06:18:14.155032: Trying aerophoto
06:20:04.514614: Trying aerophyte
06:21:55.005983: Trying aeroplane
06:23:48.186030: Trying aeropulse
06:25:51.169630: Trying aeroscope
06:27:48.603961: Trying aeroscopy
06:29:45.613520: Trying aeroshell
06:31:35.502765: Trying aerospace
06:33:31.858001: Trying aerostats
06:35:24.627082: Trying aerosteam
06:37:17.492797: Trying aerotaxes
06:38:37.237304: Trying aerotaxis
06:39:56.676111: Trying aerotones
06:41:11.256656: Trying aerotrain
06:42:26.453471: Trying aeroyacht
06:43:06.768590: Trying aeschylus
06:51:21.313313: Trying aesculins
07:01:37.712778: Trying aestethic
07:06:48.754022: Trying aestheses
07:12:55.339420: Trying aesthesia
07:19:02.622108: Trying aesthesis
07:25:12.537413: Trying aesthetes
07:31:21.451902: Trying aesthetic
07:37:32.686732: Trying aestivate
07:43:08.434011: Trying aethalium
07:44:03.491763: Trying aetheling
07:44:44.682423: Trying aetheogam
07:45:25.313879: Trying aethereal
07:46:07.603041: Trying aetiology
07:46:42.754742: Trying aetobatus
07:47:21.228897: Trying aettekees
07:48:19.160391: Trying affablest
07:49:55.253319: Trying affabrous
07:51:32.663761: Trying affatuate
07:53:19.711082: Trying affearing
07:54:05.029612: Trying affectate
07:55:05.004320: Trying affecters
07:56:02.967715: Trying affecting
07:57:01.321299: Trying affection
07:57:59.653551: Trying affective
07:58:59.357432: Trying affectual
08:00:07.240443: Trying affeering
08:00:45.822116: Trying afferents
08:01:41.648487: Trying affianced
08:02:40.509243: Trying affiancer
08:03:39.008825: Trying affiances
08:04:36.980984: Trying affidavit
08:05:28.385274: Trying affiliate
08:06:08.463713: Trying affirmant
08:07:00.376776: Trying affirmers
08:07:52.264100: Trying affirming
08:08:46.617175: Trying affixable
08:09:21.750318: Trying affixment
08:09:55.571555: Trying affixture
08:10:31.887231: Trying afflation
08:11:31.080818: Trying afflicted
08:12:19.370007: Trying afflicter
08:13:07.636708: Trying affluence
08:13:56.573216: Trying affluency
08:14:52.544260: Trying affluents
08:15:47.897175: Trying affluenza
08:16:41.071878: Trying affluxion
08:17:32.144239: Trying affoorded
08:18:18.035601: Trying afforcing
08:19:11.423220: Trying affording
08:20:02.764470: Trying afforests
08:20:53.668784: Trying affrapped
08:24:15.340813: Trying affrayers
08:27:18.409778: Trying affraying
08:30:21.360724: Trying affreight
08:32:32.052833: Trying affrended
08:34:44.596028: Trying affricate
08:36:45.796711: Trying affrights
08:38:44.536544: Trying affronted
08:40:48.817022: Trying affronter
08:42:53.581119: Trying affusions
08:45:47.917708: Trying afghanets
08:46:44.070569: Trying afikomens
08:46:50.921852: Trying aflatoxin
08:47:53.770421: Trying aforehand
08:48:48.572586: Trying aforesaid
08:49:45.056930: Trying aforetime
08:50:40.183820: Trying aforeward
08:51:35.807876: Trying afortiori
08:52:37.342769: Trying aframomum
08:54:18.909866: Trying afrikaans
08:55:01.004072: Trying afrikaner
08:55:51.259672: Trying afterband
08:57:13.277793: Trying afterbeat
08:58:28.471271: Trying afterblow
08:59:39.638771: Trying afterbody
09:00:52.946166: Trying aftercare
09:02:02.246942: Trying aftercast
09:03:13.735067: Trying afterclap
09:04:22.668124: Trying aftercome
09:05:31.673649: Trying aftercost
09:06:39.868564: Trying aftercrop
09:07:44.879449: Trying aftercure
09:08:51.231205: Trying afterdamp
09:09:54.107555: Trying afterdate
09:10:57.651812: Trying afterdays
09:12:00.138655: Trying afterdeal
09:13:16.705765: Trying afterdeck
09:14:42.986971: Trying aftereyed
09:16:12.403898: Trying aftereyes
09:18:09.149164: Trying afterfall
09:20:03.981256: Trying afterfame
09:22:03.492345: Trying afterfeed
09:24:00.734657: Trying afterform
09:25:35.305180: Trying aftergame
09:26:45.772198: Trying afterglow
09:27:51.190002: Trying aftergood
09:28:58.354437: Trying afterguns
09:30:04.718975: Trying afterhand
09:31:08.327824: Trying afterharm
09:32:10.530133: Trying afterheat
09:34:15.940850: Trying afterhelp
09:37:01.671499: Trying afterhend
09:39:40.663010: Trying afterhold
09:42:44.475493: Trying afterhope
09:44:34.376856: Trying afterings
09:46:17.078862: Trying afterking
09:47:53.042151: Trying afterlife
09:49:28.583435: Trying afterloss
09:51:01.297684: Trying afterlove
09:52:42.974195: Trying aftermark
09:54:26.936278: Trying aftermass
09:56:57.729044: Trying aftermast
09:58:55.848073: Trying aftermath
10:01:22.495025: Trying aftermeal
10:03:03.026234: Trying aftermilk
10:04:29.693692: Trying aftermost
10:05:58.575034: Trying afternoon
10:07:22.240614: Trying afternose
10:08:47.497759: Trying afternote
10:10:13.178203: Trying afterpain
10:11:43.218451: Trying afterpart
10:13:11.842051: Trying afterpast
10:14:39.033541: Trying afterpeak
10:16:05.800596: Trying afterplay
10:17:38.410648: Trying afterrake
10:19:12.045633: Trying afterroll
10:20:37.257002: Trying aftersend
10:21:54.848232: Trying aftership
10:23:12.159367: Trying aftersong
10:24:23.918147: Trying aftertask
10:25:27.104871: Trying aftertime
10:26:30.549567: Trying afterturn
10:27:35.098137: Trying afterwale
10:28:39.769795: Trying afterward
10:29:42.951631: Trying afterwash
10:30:44.728108: Trying afterwise
10:31:46.170625: Trying afterword
10:32:48.550958: Trying afterwork
10:33:49.799317: Trying afterwort
10:34:51.392839: Trying afunction
10:35:11.061987: Trying afwillite
10:35:30.911492: Trying againward
10:35:52.040829: Trying agalactia
10:36:27.011371: Trying agalactic
10:37:01.574539: Trying agalawood
10:37:34.477614: Trying agallochs
10:37:51.724611: Trying agalwoods
10:38:07.352339: Trying agamemnon
10:38:55.183633: Trying agamobium
10:39:36.283969: Trying agamogony
10:40:16.874410: Trying agapornis
10:41:44.449786: Trying agaricine
10:42:30.675339: Trying agaricoid
10:43:18.475771: Trying agastache
10:46:23.524390: Trying agatelike
10:47:03.331195: Trying agateware
10:47:43.264767: Trying agatiform
10:48:26.498187: Trying agatizing
10:49:09.046390: Trying agavaceae
10:49:37.226927: Trying agelastic
10:49:59.789420: Trying agelessly
10:50:14.217525: Trying agenesias
10:50:27.869587: Trying agenizing
10:50:41.543178: Trying agennesis
10:50:51.516321: Trying agennetic
10:51:01.447222: Trying agentings
10:51:15.279874: Trying agentival
10:51:29.055818: Trying agentives
10:51:42.779966: Trying agentries
10:51:56.547596: Trying agentship
10:52:10.622949: Trying ageratina
10:52:48.624774: Trying aggracing
10:54:05.145282: Trying aggrading
10:55:35.307870: Trying aggrating
10:57:11.266089: Trying aggravate
10:58:27.119215: Trying aggregant
10:59:11.216650: Trying aggregate
10:59:54.838129: Trying aggressed
11:00:40.175318: Trying aggresses
11:01:25.141711: Trying aggressor
11:02:10.176843: Trying aggrieved
11:03:10.942388: Trying aggrieves
11:04:08.168544: Trying agilawood
11:04:34.793941: Trying agileness
11:04:50.821733: Trying agilities
11:05:08.102810: Trying agilmente
11:05:24.406142: Trying agincourt
11:05:44.431947: Trying agiotages
11:05:57.142922: Trying agistator
11:08:01.034273: Trying agistment
11:10:09.120787: Trying agitating
11:10:51.279715: Trying agitation
11:11:31.234756: Trying agitative
11:12:11.103944: Trying agitators
11:12:51.221833: Trying agitatrix
11:13:31.466618: Trying agitprops
11:14:29.283602: Trying agitpunkt
11:15:27.153320: Trying aglaonema
11:16:20.761744: Trying aglethead
11:17:04.728701: Trying aglobulia
11:18:00.053520: Trying aglossate
11:19:12.711376: Trying aglossias
11:20:22.907781: Trying aglycones
11:20:26.206992: Trying aglyphous
11:20:29.392463: Trying agminated
11:21:46.682610: Trying agnathous
11:22:48.623326: Trying agnatical
11:23:50.640837: Trying agnations
11:24:53.009455: Trying agnomical
11:25:29.832018: Trying agnominal
11:26:06.451139: Trying agnostics
11:27:13.851040: Trying agomensin
11:27:32.623102: Trying agoniadin
11:27:42.863447: Trying agonising
11:27:53.229159: Trying agonistes
11:28:03.552899: Trying agonistic
11:28:14.072751: Trying agonizing
11:28:24.287178: Trying agonothet
11:28:31.993103: Trying agoranome
11:28:53.488893: Trying agraation
11:30:35.932706: Trying agraments
11:32:41.982939: Trying agraphias
11:35:02.011515: Trying agrarians
11:36:41.581059: Trying agreation
11:37:24.321767: Trying agreeable
11:38:00.396473: Trying agreeably
11:38:36.448955: Trying agreement
11:39:12.157717: Trying agrestial
11:40:30.761024: Trying agrestian
11:41:46.464744: Trying agricides
11:42:48.424189: Trying agrimonia
11:43:50.179763: Trying agrimotor
11:44:54.496220: Trying agriology
11:45:32.028106: Trying agriotype
11:46:09.597689: Trying agrodolce
11:47:09.747089: Trying agrologic
11:47:47.725333: Trying agromania
11:48:53.173137: Trying agromyzid
11:49:51.523193: Trying agronomic
11:50:28.557113: Trying agropyron
11:51:30.778581: Trying agrypniai
11:51:37.140087: Trying agrypnias
11:51:43.596552: Trying agrypnode
11:51:49.990328: Trying aguacates
11:53:41.739596: Trying agueproof
11:55:04.039786: Trying agueweeds
11:55:39.861884: Trying aguinaldo
11:56:12.924024: Trying ahartalav
11:58:17.749160: Trying ahistoric
11:59:50.959834: Trying ahluwalia
11:59:59.691275: Trying ahuehuete
12:00:32.688643: Trying ahungered
12:01:11.710878: Trying aidmanmen
12:01:50.022040: Trying aigremore
12:02:05.989437: Trying aigrettes
12:02:21.827901: Trying aiguilles
12:02:45.191761: Trying ailantery
12:03:14.174303: Trying ailanthic
12:03:43.029724: Trying ailanthus
12:04:11.536128: Trying ailantine
12:04:40.516136: Trying aimlessly
12:04:52.238706: Trying airbursts
12:05:34.165972: Trying airchecks
12:07:07.342085: Trying aircrafts
12:08:29.431041: Trying airdromes
12:08:51.508601: Trying airedales
12:09:32.780474: Trying airfields
12:10:07.378562: Trying airframes
12:10:56.068924: Trying airgraphs
12:11:37.953392: Trying airheaded
12:12:01.700746: Trying airlessly
12:12:16.572034: Trying airletter
12:12:31.205284: Trying airlifted
12:12:44.841090: Trying airliners
12:12:58.154895: Trying airmailed
12:13:47.244648: Trying airmarker
12:14:35.677059: Trying airmobile
12:15:04.106548: Trying airmonger
12:15:32.588052: Trying airometer
12:16:02.919184: Trying airphobia
12:18:24.699967: Trying airplaned
12:20:44.882535: Trying airplaner
12:23:03.387512: Trying airplanes
12:25:22.184239: Trying airpowers
12:27:02.723276: Trying airproofs
12:29:06.436229: Trying airscapes
12:31:18.520864: Trying airscrews
12:33:24.171569: Trying airshafts
12:34:31.209794: Trying airspaces
12:36:29.886548: Trying airspeeds
12:38:25.848609: Trying airstream
12:39:39.390438: Trying airstrips
12:40:52.409479: Trying airwayman
12:41:15.180116: Trying airworthy
12:41:31.420337: Trying aisleless
12:43:06.293247: Trying aisleways
12:44:41.904051: Trying aitchbone
12:45:26.427057: Trying aitchless
12:46:10.390902: Trying aitiology
12:46:28.432548: Trying aizoaceae
12:46:30.236754: Trying akaryotes
12:46:40.388485: Trying akinesias
12:46:45.227897: Trying akoluthia
12:46:48.507355: Trying akoluthos
12:46:51.790273: Trying akroteria
12:47:07.523233: Trying akuammine
12:47:37.224012: Trying alabamian
12:49:20.819206: Trying alabamide
12:51:04.635097: Trying alabamine
12:52:49.543505: Trying alabaster
12:54:37.258694: Trying alabastoi
12:56:52.310616: Trying alabastos
12:58:42.718770: Trying alabastra
13:00:32.929962: Trying alackaday
13:02:00.661697: Trying alacrious
13:04:17.140278: Trying alaiments
13:04:51.586608: Trying alalagmoi
13:05:42.652638: Trying alalagmos
13:06:34.150754: Trying alambique
13:07:53.365417: Trying alamosite
13:08:57.360400: Trying alantolic
13:09:26.477067: Trying alarmable
13:10:34.418223: Trying alarmedly
13:11:40.646965: Trying alarmisms
13:12:47.166339: Trying alarmists
13:13:53.896426: Trying alaskaite
13:15:50.631302: Trying alastrims
13:19:42.698484: Trying alaternus
13:20:45.839356: Trying alaudidae
13:21:19.421683: Trying albacores
13:22:00.697744: Trying albanians
13:22:22.619651: Trying albardine
13:22:59.191266: Trying albarelli
13:23:36.504179: Trying albarello
13:24:13.688035: Trying albatross
13:24:46.699464: Trying albertite
13:25:05.168383: Trying albertype
13:25:23.733576: Trying albescent
13:25:49.043771: Trying albespine
13:26:15.098921: Trying albespyne
13:26:41.536404: Trying albicores
13:27:00.474013: Trying albifying
13:27:15.747426: Trying albinisms
13:27:28.949516: Trying albinoism
13:27:42.490327: Trying albinotic
13:27:56.290613: Trying albinuria
13:28:10.167362: Trying albitical
13:28:28.516214: Trying albitised
13:28:46.590975: Trying albitises
13:29:04.606749: Trying albitized
13:29:22.785904: Trying albitizes
13:29:40.091522: Trying albizzias
13:29:51.191291: Trying albocracy
13:30:07.152960: Trying albricias
13:30:13.845104: Trying albuginea
13:30:35.758180: Trying albugines
13:30:57.345405: Trying albulidae
13:31:20.993256: Trying albumoses
13:31:54.502614: Trying alburnous
13:32:25.610020: Trying alburnums
13:32:56.993195: Trying albuterol
13:33:26.381813: Trying alcahests
13:34:22.327939: Trying alcantara
13:35:06.524334: Trying alcarraza
13:36:21.296928: Trying alchemies
13:36:29.339463: Trying alchemise
13:36:37.270767: Trying alchemist
13:36:45.265771: Trying alchemize
13:36:53.277304: Trying alchitran
13:37:01.510980: Trying alchornea
13:37:08.405998: Trying alchymies
13:37:13.122618: Trying alcoholic
13:37:32.813746: Trying alcornoco
13:38:01.728038: Trying alcyonium
13:38:03.609877: Trying alcyonoid
13:38:05.466660: Trying aldactone
13:38:43.284565: Trying aldeament
13:38:54.624646: Trying aldebaran
13:39:07.191324: Trying aldehydes
13:39:17.473475: Trying aldehydic
13:39:27.741600: Trying alderling
13:39:39.774016: Trying aldicarbs
13:39:59.413070: Trying aldolases
13:40:09.759406: Trying aldolized
13:40:20.095303: Trying aldovandi
13:40:30.551506: Trying aleatoric
13:41:29.598437: Trying alecithal
13:42:42.309667: Trying alecithic
13:43:58.056710: Trying aleconner
13:44:59.219159: Trying alectoria
13:46:16.092538: Trying alectoris
13:47:33.507037: Trying alectryon
13:48:51.461879: Trying alehouses
13:49:20.294148: Trying aleknight
13:49:28.350071: Trying alemannic
13:50:49.646097: Trying alembroth
13:51:47.006736: Trying alemonger
13:52:31.574099: Trying alentours
13:52:53.430990: Trying alephzero
13:54:12.636793: Trying alepidote
13:56:06.113719: Trying alertedly
13:56:58.670246: Trying alertness
13:57:48.189030: Trying aletaster
13:58:44.697016: Trying aletocyte
13:59:18.694491: Trying aleucemic
13:59:45.852714: Trying aleukemic
13:59:57.278366: Trying aleurites
14:00:18.819445: Trying aleuritic
14:00:40.667581: Trying aleuronat
14:01:02.246850: Trying aleurones
14:01:23.913474: Trying aleuronic
14:01:45.159039: Trying aleutians
14:02:04.081987: Trying alewashed
14:02:38.260353: Trying alexander
14:02:43.274849: Trying aleyrodes
14:02:46.823197: Trying aleyrodid
14:02:50.306391: Trying alfaquins
14:03:05.389168: Trying alfilaria
14:03:19.977516: Trying alfileria
14:03:33.917483: Trying alfoncino
14:03:40.988070: Trying alfridary
14:03:46.899408: Trying algaecide
14:03:58.940103: Trying algarobas
14:04:22.344596: Trying algarroba
14:04:44.822740: Trying algarrobo
14:05:07.304311: Trying algebraic
14:05:16.086161: Trying algedonic
14:05:27.882491: Trying algerians
14:05:39.244168: Trying algerines
14:05:50.615026: Trying algicidal
14:06:03.349425: Trying algicides
14:06:16.183073: Trying algidness
14:06:31.813088: Trying alginates
14:06:40.633731: Trying algogenic
14:06:48.807897: Trying algolagny
14:06:59.759480: Trying algometer
14:07:16.475502: Trying algometry
14:07:33.112178: Trying algonkian
14:07:41.039478: Trying algonquin
14:07:49.058401: Trying algorisms
14:08:03.150152: Trying algorithm
14:08:17.250084: Trying algraphic
14:08:27.379522: Trying alguacils
14:08:50.940362: Trying alguazils
14:09:12.871748: Trying aliamenta
14:10:31.842500: Trying aliasings
14:12:07.901122: Trying alibility
14:12:50.530883: Trying alictisal
14:13:43.003294: Trying alicyclic
14:14:10.586333: Trying alienable
14:14:26.361358: Trying alienages
14:14:42.046727: Trying alienated
14:14:57.602979: Trying alienates
14:15:13.250241: Trying alienator
14:15:28.837584: Trying alienisms
14:15:44.318482: Trying alienists
14:15:59.734047: Trying alienness
14:16:14.932301: Trying alienship
14:16:30.622354: Trying aliferous
14:16:56.062101: Trying aligartas
14:17:20.661934: Trying aligerous
14:17:38.126204: Trying alighting
14:17:53.622386: Trying alignment
14:18:06.682816: Trying alikeness
14:18:16.007608: Trying alikewise
14:18:26.695679: Trying alilonghi
14:18:41.381967: Trying alimental
14:19:15.637749: Trying alimented
14:19:49.186160: Trying alimenter
14:20:23.038607: Trying alimentic
14:20:56.371493: Trying alimentum
14:21:29.921608: Trying alimonied
14:21:58.414485: Trying alimonies
14:22:28.380145: Trying alintatao
14:22:48.050812: Trying aliphatic
14:23:33.311049: Trying alipteria
14:24:44.382488: Trying aliseptal
14:26:08.007883: Trying alismales
14:28:53.619789: Trying alisonite
14:30:09.672653: Trying alispheno
14:33:53.518908: Trying aliteracy
14:34:20.468317: Trying aliterate
14:34:47.690710: Trying aliturgic
14:35:28.364740: Trying aliveness
14:35:45.019231: Trying alizarate
14:35:53.581809: Trying alizarine
14:36:02.194918: Trying alizarins
14:36:10.724733: Trying aljamiado
14:36:17.139634: Trying aljofaina
14:36:19.143177: Trying alkahests
14:36:24.559883: Trying alkalemia
14:36:29.285365: Trying alkaligen
14:36:34.071867: Trying alkalised
14:36:38.847331: Trying alkaliser
14:36:43.641314: Trying alkalises
14:36:48.385133: Trying alkalized
14:36:53.269843: Trying alkalizer
14:36:58.035546: Trying alkalizes
14:37:02.754218: Trying alkaloids
14:37:07.737037: Trying alkaloses
14:37:12.676259: Trying alkalosis
14:37:17.586980: Trying alkalotic
14:37:22.509127: Trying alkaluria
14:37:27.543959: Trying alkaptone
14:37:35.334767: Trying alkarsine
14:37:43.031371: Trying alkekengi
14:37:44.857974: Trying alkoxides
14:37:46.233646: Trying alkylated
14:37:46.558445: Trying alkylates
14:37:46.905737: Trying alkylogen
14:37:47.269211: Trying allactite
14:38:17.906996: Trying allamanda
14:38:46.545166: Trying allamonti
14:39:13.099290: Trying allamotti
14:39:39.002357: Trying allanites
14:39:53.010338: Trying allanitic
14:40:06.968237: Trying allantoic
14:40:21.023578: Trying allantoid
14:40:35.349940: Trying allantoin
14:40:49.411056: Trying allantois
14:41:03.376761: Trying allatives
14:41:25.884946: Trying allatrate
14:41:48.082795: Trying allayings
14:41:58.665625: Trying allayment
14:42:09.462646: Trying allcomers
14:42:12.984251: Trying allectory
14:42:26.710357: Trying alledging
14:42:39.627943: Trying allegator
14:42:47.398384: Trying allegatum
14:42:55.147576: Trying allegedly
14:43:02.798467: Trying allegging
14:43:10.572771: Trying allegheny
14:43:18.067991: Trying allegiant
14:43:25.910779: Trying allegiare
14:43:33.730130: Trying allegoric
14:43:41.195597: Trying allelisms
14:43:48.974298: Trying alleluiah
14:43:56.848473: Trying alleluias
14:44:04.741136: Trying allemande
14:44:19.390951: Trying allemands
14:44:34.228648: Trying allenarly
14:44:41.929907: Trying alleniate
14:44:49.673498: Trying allentato
14:44:57.494493: Trying allergens
14:45:11.158652: Trying allergics
14:45:24.281134: Trying allergies
14:45:37.246239: Trying allergins
14:45:50.221137: Trying allergist
14:46:03.117681: Trying allerions
14:46:15.957167: Trying allethrin
14:46:26.598802: Trying alleviant
14:46:34.739752: Trying alleviate
14:46:42.818212: Trying alleycats
14:46:48.296646: Trying alleyways
14:46:53.879474: Trying allgovite
14:46:56.166961: Trying alliaceae
14:47:08.557455: Trying allianced
14:47:20.329557: Trying alliancer
14:47:32.102306: Trying alliances
14:47:43.834706: Trying allicholy
14:47:56.334072: Trying allicient
14:48:08.848924: Trying alligarta
14:48:17.234460: Trying alligated
14:48:26.026360: Trying alligates
14:48:34.337698: Trying alligator
14:48:42.581907: Trying allineate
14:48:50.823699: Trying alliteral
14:49:02.940739: Trying allituric
14:49:15.462551: Trying allmouths
14:49:16.541488: Trying allnesses
14:49:17.704497: Trying allobaric
14:49:27.889901: Trying allocable
14:49:42.070971: Trying allocarpy
14:49:56.330625: Trying allocated
14:50:10.482689: Trying allocatee
14:50:25.024117: Trying allocates
14:50:39.040255: Trying allocator
14:50:53.248418: Trying allocatur
14:51:07.741333: Trying alloclase
14:51:20.084616: Trying allodiary
14:51:30.878279: Trying allodiums
14:51:41.729060: Trying alloeosis
14:51:46.506452: Trying alloeotic
14:51:51.176115: Trying allogenic
14:51:58.034808: Trying allograft
14:52:04.367307: Trying allograph
14:52:11.069632: Trying allolalia
14:52:18.425340: Trying allolalic
14:52:26.074745: Trying allometry
14:52:38.219282: Trying allomones
14:52:50.054072: Trying allomorph
14:53:01.425458: Trying allomucic
14:53:14.790891: Trying allopaths
14:53:34.684154: Trying allopathy
14:53:54.727842: Trying allopatry
14:54:14.719053: Trying allophane
14:54:35.203538: Trying allophite
14:54:58.777975: Trying allophone
14:55:20.747733: Trying allophore
14:55:49.650177: Trying allophyle
14:56:10.449220: Trying alloplasm
14:56:28.093541: Trying alloplast
14:56:44.438298: Trying alloquial
14:56:48.579147: Trying allosaurs
14:57:04.013004: Trying allostery
14:57:19.673193: Trying allotment
14:57:40.582260: Trying allotrope
14:57:58.777359: Trying allotropy
14:58:11.019719: Trying allottees
14:58:22.552933: Trying allotters
14:58:34.492369: Trying allottery
14:58:45.862510: Trying allotting
14:58:56.655834: Trying allotypes
14:59:07.946858: Trying allotypic
14:59:18.606392: Trying allowable
14:59:25.228835: Trying allowably
14:59:31.814595: Trying allowance
14:59:38.334341: Trying allowedly
14:59:44.792679: Trying alloxanic
14:59:49.330292: Trying alloxuric
14:59:53.883661: Trying allozooid
14:59:58.359924: Trying allspices
15:00:31.025559: Trying allumette
15:00:53.404754: Trying alluminor
15:01:16.150824: Trying allurance
15:01:36.512200: Trying allusions
15:02:06.763711: Trying alluvials
15:02:24.442911: Trying alluviate
15:02:41.334304: Trying alluvions
15:02:56.553130: Trying alluvious
15:03:11.879836: Trying alluviums
15:03:27.026326: Trying alluvivia
15:03:42.126736: Trying almagests
15:04:14.315965: Trying almanacks
15:04:46.614488: Trying almandine
15:05:18.144775: Trying almandite
15:05:49.804149: Trying almeidina
15:06:03.707254: Trying almendron
15:06:17.945211: Trying almeriite
15:06:44.150945: Trying almocrebe
15:07:04.137464: Trying almogavar
15:07:14.965608: Trying almonries
15:07:25.490758: Trying almsgiver
15:07:58.450758: Trying almshouse
15:08:34.814874: Trying almsmoney
15:09:19.227452: Trying almswoman
15:09:59.097382: Trying almswomen
15:10:41.174762: Trying alocasias
15:13:22.249408: Trying alodially
15:14:07.896558: Trying alodialty
15:14:53.894425: Trying aloeaceae
15:15:16.587282: Trying aloemodin
15:15:35.460200: Trying aloeswood
15:15:56.924809: Trying aloetical
15:16:12.562807: Trying aloisiite
15:16:31.109832: Trying aloneness
15:16:54.079545: Trying alongside
15:17:08.790935: Trying aloofness
15:17:18.858222: Trying alopathic
15:21:41.485022: Trying alopecias
15:24:24.428930: Trying alopecist
15:27:06.014476: Trying alopecoid
15:29:48.554287: Trying alopiidae
15:32:59.807555: Trying alorcinic
15:33:37.759391: Trying alouettes
15:33:54.127554: Trying alpargata
15:35:16.477876: Trying alpasotes
15:36:48.420673: Trying alpenglow
15:37:07.696450: Trying alpenhorn
15:37:27.343039: Trying alpestral
15:38:11.939428: Trying alphabets
15:38:34.372259: Trying alphasort
15:38:57.324991: Trying alphonsin
15:39:11.215073: Trying alpinisms
15:39:40.883737: Trying alpinists
15:40:10.153108: Trying alsmekill
15:41:43.520880: Trying alsophila
15:42:51.390375: Trying alstonine
15:44:24.756824: Trying alstonite
15:45:55.717505: Trying altarages
15:46:32.046085: Trying altarwise
15:47:06.643931: Trying alterable
15:47:23.437600: Trying alterably
15:47:40.176626: Trying alterants
15:47:56.985994: Trying altercate
15:48:13.667920: Trying alternacy
15:48:30.054241: Trying alternant
15:48:46.150018: Trying alternate
15:49:02.337707: Trying alternise
15:49:18.432549: Trying alternity
15:49:34.581012: Trying alternize
15:49:50.574513: Trying althionic
15:49:58.638758: Trying altigraph
15:50:10.326982: Trying altimeter
15:50:30.044401: Trying altimetry
15:50:49.277602: Trying altininck
15:51:01.685149: Trying altiplano
15:51:21.577893: Trying altiscope
15:51:54.081572: Trying altissimo
15:52:26.810266: Trying altitudes
15:52:44.493042: Trying altometer
15:53:03.733926: Trying altricial
15:53:15.924781: Trying altruisms
15:53:30.801688: Trying altruists
15:53:45.994191: Trying alumbloom
15:55:45.810059: Trying alumbrado
15:57:19.878708: Trying alumetize
15:58:23.629254: Trying aluminate
15:59:29.555043: Trying aluminide
16:00:33.448240: Trying aluminise
16:01:37.126287: Trying aluminish
16:02:41.724749: Trying aluminite
16:03:48.590513: Trying aluminium
16:04:56.204158: Trying aluminize
16:05:59.897258: Trying aluminose
16:07:04.141467: Trying aluminous
16:08:09.543852: Trying aluminums
16:09:14.023154: Trying alumniate
16:10:01.714506: Trying alumroots
16:10:54.260287: Trying alumstone
16:12:44.015311: Trying alushtite
16:16:41.901638: Trying alvearies
16:16:46.957630: Trying alvearium
16:16:52.135422: Trying alveolars
16:16:55.789069: Trying alveolary
16:16:59.510200: Trying alveolate
16:17:03.106299: Trying alveolite
16:17:06.795516: Trying alzheimer
16:17:06.893518: Trying amability
16:20:18.931642: Trying amacratic
16:27:06.720747: Trying amacrinal
16:33:40.210841: Trying amadavats
16:37:27.404235: Trying amalekite
16:38:49.352010: Trying amandines
16:39:55.121660: Trying amanitine
16:41:20.999034: Trying amanitins
16:42:50.691764: Trying amantillo
16:44:14.810538: Trying amaranths
16:46:42.962188: Trying amarantin
16:49:12.370402: Trying amarelles
16:50:58.053408: Trying amarettos
16:52:48.423939: Trying amarevole
16:54:46.329703: Trying amargosos
16:57:00.819586: Trying amarillos
16:58:55.504835: Trying amaritude
17:00:47.779876: Trying amaroidal
17:02:24.950331: Trying amaryllid
17:03:43.213176: Trying amaryllis
17:05:01.186447: Trying amassable
17:17:07.725745: Trying amassette
17:28:56.423908: Trying amassment
17:40:58.206651: Trying amaterasu
17:43:48.383118: Trying amatively
17:46:59.258020: Trying amatorial
17:49:49.514328: Trying amatorian
17:52:36.421993: Trying amatories
17:55:53.473243: Trying amauroses
17:58:20.716568: Trying amaurosis
18:00:36.252087: Trying amaurotic
18:02:46.165589: Trying amazement
18:03:15.985916: Trying amazingly
18:03:45.006247: Trying amazonian
18:04:11.680175: Trying amazonite
18:04:38.433956: Trying ambagious
18:05:45.242152: Trying ambarella
18:07:28.662329: Trying ambassade
18:09:42.771857: Trying ambassage
18:11:43.749232: Trying ambassies
18:13:45.352632: Trying ambatches
18:15:12.239088: Trying amberbell
18:15:56.656280: Trying amberfish
18:16:40.951452: Trying ambergris
18:17:24.732765: Trying amberinas
18:18:09.802366: Trying amberites
18:18:54.498709: Trying amberjack
18:19:38.006715: Trying amberlike
18:20:22.304078: Trying amberoids
18:21:05.642383: Trying ambiances
18:21:48.250704: Trying ambigenal
18:22:20.706193: Trying ambiguity
18:22:53.591791: Trying ambiguous
18:23:26.132201: Trying ambisonic
18:24:39.360985: Trying ambitions
18:25:15.934604: Trying ambitious
18:25:52.547323: Trying ambiverts
18:26:25.376683: Trying amblingly
18:27:23.166277: Trying amblyopia
18:27:51.648794: Trying amblyopic
18:28:20.585757: Trying ambrettes
18:29:15.727110: Trying ambrocate
18:29:59.472376: Trying ambrology
18:30:42.687612: Trying ambrosiac
18:31:26.821342: Trying ambrosial
18:32:11.424361: Trying ambrosian
18:32:56.839364: Trying ambrosias
18:33:41.183630: Trying ambrosine
18:34:25.767554: Trying ambrotype
18:35:08.910637: Trying ambulacra
18:35:58.672178: Trying ambulance
18:36:48.536401: Trying ambulante
18:37:38.404960: Trying ambulants
18:38:28.290961: Trying ambulated
18:39:17.968544: Trying ambulates
18:40:08.791506: Trying ambulatio
18:40:59.750081: Trying ambulator
18:41:49.507626: Trying amburbial
18:42:45.242211: Trying ambuscade
18:44:50.588725: Trying ambuscado
18:46:54.036912: Trying ambushers
18:48:53.409155: Trying ambushing
18:50:49.536197: Trying ambustion
18:52:46.260203: Trying ambystoma
18:52:52.181245: Trying amebiases
18:55:11.409906: Trying amebiasis
18:57:48.249066: Trying amebicide
19:00:11.433447: Trying amebiform
19:02:17.467191: Trying amebiosis
19:04:20.591559: Trying amebocyte
19:06:06.086991: Trying ameerates
19:06:53.093997: Trying amelcorns
19:07:45.980231: Trying amenaging
19:08:53.999489: Trying amenaunce
19:10:00.107422: Trying amendable
19:10:41.471702: Trying amendment
19:11:22.115404: Trying amenities
19:12:09.480298: Trying amenorrho
19:12:56.140702: Trying amentulum
19:13:50.017950: Trying americana
19:15:02.903481: Trying americans
19:16:15.005455: Trying americium
19:17:28.268905: Trying amerikani
19:18:41.733316: Trying amerindic
19:19:53.394844: Trying ameristic
19:21:06.751727: Trying ametabola
19:23:11.987013: Trying ametabole
19:25:16.804608: Trying ametaboly
19:27:21.635007: Trying amethysts
19:29:17.006318: Trying ametropia
19:31:05.112349: Trying ametropic
19:32:53.668323: Trying amianthum
19:34:14.566648: Trying amianthus
19:35:34.839437: Trying amicicide
19:39:14.779692: Trying amicrobic
19:42:58.794444: Trying amidating
19:45:19.200095: Trying amidation
19:47:59.439160: Trying amidogens
19:49:49.858313: Trying amidoxime
19:51:33.104388: Trying amidships
19:56:08.539895: Trying aminating
19:59:36.739828: Trying amination
20:02:33.970768: Trying aminities
20:05:28.352404: Trying aminoquin
20:09:15.933975: Trying amissible
